Log file open, 10/18/18 14:17:42
LogInit:Display: Running engine for game: MyProject
LogPlatformFile: Not using cached read wrapper
LogInit:Display: RandInit(-583621530) SRandInit(-583621530).
LogTaskGraph: Started task graph with 5 named threads and 8 total threads with 1 sets of task threads.
LogStats: Stats thread started at 0.085726
LogInit: Using libcurl 7.47.1
LogInit:  - built for x86_64-pc-win32
LogInit:  - supports SSL with OpenSSL/1.0.2g
LogInit:  - supports HTTP deflate (compression) using libz 1.2.8
LogInit:  - other features:
LogInit:      CURL_VERSION_SSL
LogInit:      CURL_VERSION_LIBZ
LogInit:      CURL_VERSION_IPV6
LogInit:      CURL_VERSION_ASYNCHDNS
LogInit:      CURL_VERSION_LARGEFILE
LogInit:      CURL_VERSION_IDN
LogInit:  CurlRequestOptions (configurable via config and command line):
LogInit:  - bVerifyPeer = false  - Libcurl will NOT verify peer certificate
LogInit:  - bUseHttpProxy = false  - Libcurl will NOT use HTTP proxy
LogInit:  - bDontReuseConnections = false  - Libcurl will reuse connections
LogInit:  - CertBundlePath = nullptr  - Libcurl will use whatever was configured at build time.
LogInit: Build: ++UE4+Release-4.15-CL-3299760
LogInit: Engine Version: 4.15.0-3299760+++UE4+Release-4.15
LogInit: Compatible Engine Version: 4.15.0-3299760+++UE4+Release-4.15
LogInit: Net CL: 3299760
LogDevObjectVersion: Number of dev versions registered: 14
LogDevObjectVersion:   Dev-Blueprints (B0D832E4-1F89-4F0D-ACCF-7EB736FD4AA2): 8
LogDevObjectVersion:   Dev-Build (E1C64328-A22C-4D53-A36C-8E866417BD8C): 0
LogDevObjectVersion:   Dev-Core (375EC13C-06E4-48FB-B500-84F0262A717E): 2
LogDevObjectVersion:   Dev-Editor (E4B068ED-F494-42E9-A231-DA0B2E46BB41): 14
LogDevObjectVersion:   Dev-Framework (CFFC743F-43B0-4480-9391-14DF171D2073): 22
LogDevObjectVersion:   Dev-Mobile (B02B49B5-BB20-44E9-A304-32B752E40360): 0
LogDevObjectVersion:   Dev-Networking (A4E4105C-59A1-49B5-A7C5-40C4547EDFEE): 0
LogDevObjectVersion:   Dev-Online (39C831C9-5AE6-47DC-9A44-9C173E1C8E7C): 0
LogDevObjectVersion:   Dev-Physics (78F01B33-EBEA-4F98-B9B4-84EACCB95AA2): 0
LogDevObjectVersion:   Dev-Platform (6631380F-2D4D-43E0-8009-CF276956A95A): 0
LogDevObjectVersion:   Dev-Rendering (12F88B9F-8875-4AFC-A67C-D90C383ABD29): 12
LogDevObjectVersion:   Dev-Sequencer (7B5AE74C-D270-4C10-A958-57980B212A5A): 3
LogDevObjectVersion:   Dev-VR (D7296918-1DD6-4BDD-9DE2-64A83CC13884): 0
LogDevObjectVersion:   Dev-LoadTimes (C2A15278-BFE7-4AFE-6C17-90FF531DF755): 1
LogInit: Compiled (64-bit): Feb 14 2017 02:04:14
LogInit: Compiled with Visual C++: 19.00.23026.00
LogInit: Build Configuration: Development
LogInit: Branch Name: ++UE4+Release-4.15
LogInit: Command line: -EpicPortal  -epicusername="Gnemnij" -epicuserid=34471470f4c04c769624843e985e36b0 -epiclocale=zh-CN
LogInit: Base directory: e:/Epic Games/UE_4.15/Engine/Binaries/Win64/
LogInit: Installed Engine Build: 1
LogInit: Presizing for max 8388607 objects, including 0 objects not considered by GC, pre-allocating 0 bytes for permanent pool.
LogInit: Object subsystem initialized
[2018.10.18-06.17.43:458][  0]LogInit: Selected Device Profile: [Windows]
[2018.10.18-06.17.43:458][  0]LogInit: Applying CVar settings loaded from the selected device profile: [Windows]
[2018.10.18-06.17.43:466][  0]LogInit: Computer: MIKEJIN-PC1
[2018.10.18-06.17.43:466][  0]LogInit: User: mikejin
[2018.10.18-06.17.43:466][  0]LogInit: CPU Page size=65536, Cores=4
[2018.10.18-06.17.43:466][  0]LogInit: High frequency timer resolution =3.507587 MHz
[2018.10.18-06.17.43:467][  0]LogMemory: Memory total: Physical=15.9GB (16GB approx)
[2018.10.18-06.17.43:467][  0]LogMemory: Platform Memory Stats for Windows
[2018.10.18-06.17.43:467][  0]LogMemory: Process Physical Memory: 264.58 MB used, 264.58 MB peak
[2018.10.18-06.17.43:467][  0]LogMemory: Process Virtual Memory: 264.55 MB used, 264.55 MB peak
[2018.10.18-06.17.43:467][  0]LogMemory: Physical Memory: 9866.05 MB used,  6441.80 MB free, 16307.85 MB total
[2018.10.18-06.17.43:467][  0]LogMemory: Virtual Memory: 617.13 MB used,  6441.80 MB free, 8388608.00 MB total
[2018.10.18-06.17.43:760][  0]LogInit: Overriding culture en with editor configuration.
[2018.10.18-06.17.44:008][  0]LogWindowsTextInputMethodSystem:Display: IME system now activated using IMM (搜狗输入).
[2018.10.18-06.17.44:383][  0]LogD3D11RHI: D3D11 adapters:
[2018.10.18-06.17.44:563][  0]LogD3D11RHI:    0. 'NVIDIA GeForce GTX 1050' (Feature Level 11_0)
[2018.10.18-06.17.44:563][  0]LogD3D11RHI:       1953/0/7897 MB DedicatedVideo/DedicatedSystem/SharedSystem, Outputs:2, VendorId:0x10de
[2018.10.18-06.17.44:563][  0]LogD3D11RHI: Chosen D3D11 Adapter: 0
[2018.10.18-06.17.44:570][  0]LogD3D11RHI: Creating new Direct3DDevice
[2018.10.18-06.17.44:570][  0]LogD3D11RHI:     GPU DeviceId: 0x1c81 (for the marketing name, search the web for "GPU Device Id")
[2018.10.18-06.17.44:570][  0]LogWindows: EnumDisplayDevices:
[2018.10.18-06.17.44:571][  0]LogWindows:    0. 'NVIDIA GeForce GTX 1050' (P:0 D:1)
[2018.10.18-06.17.44:571][  0]LogWindows:    1. 'NVIDIA GeForce GTX 1050' (P:1 D:1)
[2018.10.18-06.17.44:572][  0]LogWindows:    2. 'NVIDIA GeForce GTX 1050' (P:0 D:0)
[2018.10.18-06.17.44:572][  0]LogWindows:    3. 'NVIDIA GeForce GTX 1050' (P:0 D:0)
[2018.10.18-06.17.44:573][  0]LogWindows:    4. 'RDPDD Chained DD' (P:0 D:0)
[2018.10.18-06.17.44:573][  0]LogWindows:    5. 'RDP Encoder Mirror Driver' (P:0 D:0)
[2018.10.18-06.17.44:573][  0]LogWindows:    6. 'RDP Reflector Display Driver' (P:0 D:0)
[2018.10.18-06.17.44:574][  0]LogWindows: DebugString: GetVideoDriverDetailsInvalid PrimaryIsNotTheChoosenAdapter GetVideoDriverDetailsInvalid PrimaryIsNotTheChoosenAdapter GetVideoDriverDetailsInvalid PrimaryIsNotTheChoosenAdapter FoundDriverCount:4 
[2018.10.18-06.17.44:574][  0]LogD3D11RHI:     Adapter Name: NVIDIA GeForce GTX 1050
[2018.10.18-06.17.44:574][  0]LogD3D11RHI:   Driver Version: 385.28 (internal:22.21.13.8528, unified:385.28)
[2018.10.18-06.17.44:574][  0]LogD3D11RHI:      Driver Date: 8-9-2017
[2018.10.18-06.17.44:574][  0]LogRHI: Texture pool is 1361 MB (70% of 1945 MB)
[2018.10.18-06.17.44:587][  0]LogD3D11RHI: Async texture creation enabled
[2018.10.18-06.17.44:602][  0]LogD3D11RHI: GPU Timing Frequency: 1000.000000 (Debug: 2 2)
[2018.10.18-06.17.44:652][  0]LogShaderCompilers: Guid format shader working directory is 4 characters bigger than the processId version (../../../../../development/Unreal/MyProject/Intermediate/Shaders/WorkingDirectory/13688/).
[2018.10.18-06.17.44:652][  0]LogShaderCompilers: Cleaned the shader compiler working directory 'C:/Users/mikejin/AppData/Local/Temp/UnrealShaderWorkingDir/EB0A937F4F21259976629299074E654B/'.
[2018.10.18-06.17.44:652][  0]LogShaderCompilers:Display: Using Local Shader Compiler.
[2018.10.18-06.17.46:339][  0]LogTemp:Display: Loaded TP AllDesktopTargetPlatform
[2018.10.18-06.17.46:395][  0]LogTemp:Display: Loaded TP MacClientTargetPlatform
[2018.10.18-06.17.46:448][  0]LogTemp:Display: Loaded TP MacNoEditorTargetPlatform
[2018.10.18-06.17.46:509][  0]LogTemp:Display: Loaded TP MacServerTargetPlatform
[2018.10.18-06.17.46:572][  0]LogTemp:Display: Loaded TP MacTargetPlatform
[2018.10.18-06.17.46:626][  0]LogTemp:Display: Loaded TP WindowsClientTargetPlatform
[2018.10.18-06.17.46:679][  0]LogTemp:Display: Loaded TP WindowsNoEditorTargetPlatform
[2018.10.18-06.17.46:732][  0]LogTemp:Display: Loaded TP WindowsServerTargetPlatform
[2018.10.18-06.17.46:778][  0]LogTemp:Display: Loaded TP WindowsTargetPlatform
[2018.10.18-06.17.46:834][  0]LogTemp:Display: Loaded TP AndroidTargetPlatform
[2018.10.18-06.17.46:887][  0]LogTemp:Display: Loaded TP Android_ASTCTargetPlatform
[2018.10.18-06.17.46:942][  0]LogTemp:Display: Loaded TP Android_ATCTargetPlatform
[2018.10.18-06.17.46:998][  0]LogTemp:Display: Loaded TP Android_DXTTargetPlatform
[2018.10.18-06.17.47:055][  0]LogTemp:Display: Loaded TP Android_ETC1TargetPlatform
[2018.10.18-06.17.47:128][  0]LogTemp:Display: Loaded TP Android_ETC2TargetPlatform
[2018.10.18-06.17.47:274][  0]LogTemp:Display: Loaded TP Android_MultiTargetPlatform
[2018.10.18-06.17.47:274][  0]LogTemp:Display: Loaded TP Android_PVRTCTargetPlatform
[2018.10.18-06.17.47:314][  0]LogTemp:Display: Loaded TP HTML5TargetPlatform
[2018.10.18-06.17.47:411][  0]LogTemp:Display: Loaded TP IOSTargetPlatform
[2018.10.18-06.17.47:439][  0]LogTemp:Display: Loaded TP TVOSTargetPlatform
[2018.10.18-06.17.47:499][  0]LogTemp:Display: Loaded TP LinuxClientTargetPlatform
[2018.10.18-06.17.47:555][  0]LogTemp:Display: Loaded TP LinuxNoEditorTargetPlatform
[2018.10.18-06.17.47:610][  0]LogTemp:Display: Loaded TP LinuxServerTargetPlatform
[2018.10.18-06.17.47:667][  0]LogTemp:Display: Loaded TP LinuxTargetPlatform
[2018.10.18-06.17.47:667][  0]LogTargetPlatformManager:Display: Building Assets For Windows
[2018.10.18-06.17.48:100][  0]LogDerivedDataCache:Display: Max Cache Size: 512 MB
[2018.10.18-06.17.48:148][  0]LogDerivedDataCache: Loaded boot cache 0.05s 50MB C:/Users/mikejin/AppData/Local/UnrealEngine/4.15/DerivedDataCache/Boot.ddc.
[2018.10.18-06.17.48:148][  0]LogDerivedDataCache:Display: Loaded Boot cache: C:/Users/mikejin/AppData/Local/UnrealEngine/4.15/DerivedDataCache/Boot.ddc
[2018.10.18-06.17.48:148][  0]LogDerivedDataCache: FDerivedDataBackendGraph:  Pak pak cache file ../../../../../development/Unreal/MyProject/DerivedDataCache/DDC.ddp not found, will not use a pak cache.
[2018.10.18-06.17.48:148][  0]LogDerivedDataCache: Unable to find inner node Pak for hierarchical cache Hierarchy.
[2018.10.18-06.17.48:148][  0]LogDerivedDataCache: FDerivedDataBackendGraph:  CompressedPak pak cache file ../../../../../development/Unreal/MyProject/DerivedDataCache/Compressed.ddp not found, will not use a pak cache.
[2018.10.18-06.17.48:148][  0]LogDerivedDataCache: Unable to find inner node CompressedPak for hierarchical cache Hierarchy.
[2018.10.18-06.17.48:166][  0]LogDerivedDataCache:Display: Pak cache opened for reading ../../../Engine/DerivedDataCache/Compressed.ddp.
[2018.10.18-06.17.48:179][  0]LogDerivedDataCache: Using Local data cache path C:/Users/mikejin/AppData/Local/UnrealEngine/Common/DerivedDataCache: Writable
[2018.10.18-06.17.48:186][  0]LogSlate: Using Freetype 2.6.0
[2018.10.18-06.17.48:187][  0]LogSlate: SlateFontCache - WITH_FREETYPE: 1, WITH_HARFBUZZ: 1
[2018.10.18-06.17.48:187][  0]LogSlate: SlateFontCache - WITH_FREETYPE: 1, WITH_HARFBUZZ: 1
[2018.10.18-06.17.48:452][  0]LogInit: Selected Device Profile: [Windows]
[2018.10.18-06.17.48:454][  0]LogContentStreaming: Texture pool size is 0.00 MB
[2018.10.18-06.17.48:660][  0]LogMeshUtilities: Using QuadricMeshReduction for automatic static mesh reduction
[2018.10.18-06.17.48:731][  0]LogSimplygon: Simplygon DLL not present - disabling.
[2018.10.18-06.17.48:791][  0]LogMeshUtilities: Using SimplygonSwarm for distributed automatic mesh merging
[2018.10.18-06.17.48:791][  0]LogMeshUtilities: No automatic skeletal mesh reduction module available
[2018.10.18-06.17.48:791][  0]LogMeshUtilities: No automatic mesh merging module available
[2018.10.18-06.17.49:363][  0]LogNetVersion: GetLocalNetworkVersion: CL: 3299760, ProjectName: myproject, ProjectVersion: , EngineNetworkVersion: 2, GameNetworkVersion: 0, NetworkChecksum: 4136520461
[2018.10.18-06.17.49:401][  0]LogAssetRegistry: FAssetRegistry took 0.0197 seconds to start up
[2018.10.18-06.17.49:432][  0]LogPackageLocalizationCache: Processed 3 localized package path(s) for 1 prioritized culture(s) in 0.017801 seconds
[2018.10.18-06.17.49:440][  0]LogUObjectArray: 32475 objects as part of root set at end of initial load.
[2018.10.18-06.17.49:440][  0]LogUObjectAllocator: 7073368 out of 0 bytes used by permanent object pool.
[2018.10.18-06.17.49:440][  0]LogUObjectArray: CloseDisregardForGC: 0/0 objects in disregard for GC pool
[2018.10.18-06.17.49:531][  0]LogInit: WinSock: version 1.1 (2.2), MaxSocks=32767, MaxUdp=65467
[2018.10.18-06.17.51:349][  0]LogTcpMessaging: Initializing TcpMessaging bridge
[2018.10.18-06.17.51:385][  0]LogUdpMessaging: Initializing bridge on interface 0.0.0.0:0 to multicast group 230.0.0.1:6666.
[2018.10.18-06.17.51:884][  0]LogMaterial: Uniform references updated for custom material expression Custom.
[2018.10.18-06.17.52:277][  0]SourceControl: Info Source control is disabled
[2018.10.18-06.17.52:649][  0]SourceControl: Info Source control is disabled
[2018.10.18-06.17.52:731][  0]SourceControl: Info Source control is disabled
[2018.10.18-06.17.52:784][  0]SourceControl: Info Source control is disabled
[2018.10.18-06.17.54:121][  0]LogEngine: Initializing Engine...
[2018.10.18-06.17.54:122][  0]LogHMD: Failed to initialize OpenVR with code 110
[2018.10.18-06.17.54:389][  0]LogAIModule: Creating AISystem for world Untitled
[2018.10.18-06.17.54:433][  0]LogInit: XAudio2 using '扬声器 (Realtek High Definition Audio)' : 2 channels at 48 kHz using 32 bits per sample (channel mask 0x3)
[2018.10.18-06.17.54:452][  0]LogInit: FAudioDevice initialized.
[2018.10.18-06.17.54:483][  0]LogDerivedDataCache: Saved boot cache 0.03s 50MB C:/Users/mikejin/AppData/Local/UnrealEngine/4.15/DerivedDataCache/Boot.ddc.
[2018.10.18-06.17.54:488][  0]LogInit: Texture streaming: Enabled
[2018.10.18-06.17.54:551][  0]LogEngineSessionManager: EngineSessionManager initialized
[2018.10.18-06.17.54:646][  0]LogInit: Transaction tracking system initialized
[2018.10.18-06.17.55:120][  0]BlueprintLog: New page: Editor Load
[2018.10.18-06.17.56:170][  0]LocalizationService: Info Localization service is disabled
[2018.10.18-06.17.56:861][  0]LogConsoleResponse:Display: 
[2018.10.18-06.17.56:963][  0]LogCook:Display: Max memory allowance for cook 16384mb min free memory 0mb
[2018.10.18-06.17.56:963][  0]LogCook:Display: Mobile HDR setting 1
[2018.10.18-06.17.57:196][  0]LogFileCache: Scanning file cache for directory 'e:/development/Unreal/MyProject/Content/' took 0.01s
[2018.10.18-06.17.57:970][  0]SourceControl: Info Source control is disabled
[2018.10.18-06.17.57:970][  0]Cmd: MAP LOAD FILE="../../../../../development/Unreal/MyProject/Content/SideScrollerBP/Maps/SideScrollerExampleMap.umap" TEMPLATE=0 SHOWPROGRESS=1 FEATURELEVEL=3
[2018.10.18-06.17.57:970][  0]LightingResults: New page: Lighting Build
[2018.10.18-06.17.58:013][  0]MapCheck: New page: Map Check
[2018.10.18-06.17.58:014][  0]LightingResults: New page: Lighting Build
[2018.10.18-06.17.58:358][  0]LogAIModule: Creating AISystem for world SideScrollerExampleMap
[2018.10.18-06.17.58:368][  0]LogEditorServer: Finished looking for orphan Actors (0.000 secs)
[2018.10.18-06.17.58:369][  0]Cmd: MAP CHECKDEP NOCLEARLOG
[2018.10.18-06.17.58:414][  0]MapCheck: Info Map check complete: 0 Error(s), 0 Warning(s), took 44.8ms to complete.
[2018.10.18-06.17.58:414][  0]LogFileHelpers: Loading map 'SideScrollerExampleMap' took 0.444
[2018.10.18-06.17.58:614][  0]LogCollectionManager: Loaded 0 collections in 0.001176 seconds
[2018.10.18-06.17.58:703][  0]LogFileCache: Scanning file cache for directory 'e:/development/Unreal/MyProject/Saved/Collections/' took 0.01s
[2018.10.18-06.17.58:703][  0]LogFileCache: Scanning file cache for directory 'e:/development/Unreal/MyProject/Content/Developers/mikejin/Collections/' took 0.01s
[2018.10.18-06.17.58:703][  0]LogFileCache: Scanning file cache for directory 'e:/development/Unreal/MyProject/Content/Collections/' took 0.01s
[2018.10.18-06.17.58:703][  0]LogCollectionManager: Rebuilt the GUID cache for 0 collections in 0.000002 seconds
[2018.10.18-06.17.58:711][  0]LogContentBrowser: Native class hierarchy populated in 0.0083 seconds. Added 2244 classes and 450 folders.
[2018.10.18-06.17.58:714][  0]LogStats: UGameplayTagsManager::ConstructGameplayTagTree: Construct from data asset -  0.000 s
[2018.10.18-06.17.58:714][  0]LogStats: UGameplayTagsManager::ConstructGameplayTagTree: GameplayTagTreeChangedEvent.Broadcast -  0.000 s
[2018.10.18-06.17.58:775][  0]LogContentBrowser: Native class hierarchy updated for 'WidgetCarousel' in 0.0006 seconds. Added 0 classes and 0 folders.
[2018.10.18-06.17.58:828][  0]LogContentBrowser: Native class hierarchy updated for 'AddContentDialog' in 0.0005 seconds. Added 0 classes and 0 folders.
[2018.10.18-06.17.58:880][  0]LogContentBrowser: Native class hierarchy updated for 'SceneOutliner' in 0.0006 seconds. Added 1 classes and 2 folders.
[2018.10.18-06.17.58:972][  0]LogCrashTracker: Crashtracker disabled due to settings.
[2018.10.18-06.17.58:980][  0]LogUObjectGlobals:Warning: Failed to find object 'Class None.'
[2018.10.18-06.17.59:049][  0]LogContentBrowser: Native class hierarchy updated for 'HierarchicalLODOutliner' in 0.0006 seconds. Added 1 classes and 2 folders.
[2018.10.18-06.17.59:049][  0]LogLoad: (Engine Initialization) Total time: 18.13 seconds
[2018.10.18-06.17.59:049][  0]LogLoad: (Engine Initialization) Total Blueprint compile time: 0.13 seconds
[2018.10.18-06.17.59:049][  0]LogExternalProfiler: Found external profiler: VSPerf
[2018.10.18-06.17.59:049][  0]LogExternalProfiler: Using external profiler: VSPerf
[2018.10.18-06.17.59:388][  0]LogOcInput: OculusInput pre-init called
[2018.10.18-06.17.59:414][  0]LogContentStreaming: Texture pool size now 1000 MB
[2018.10.18-06.17.59:415][  0]LogSlate: Took 0.000313 seconds to synchronously load lazily loaded font '../../../Engine/Content/Slate/Fonts/Roboto-Regular.ttf' (155K)
[2018.10.18-06.17.59:418][  0]LogSlate: Took 0.000263 seconds to synchronously load lazily loaded font '../../../Engine/Content/Slate/Fonts/Roboto-Bold.ttf' (160K)
[2018.10.18-06.17.59:424][  0]LogSlate: Took 0.000236 seconds to synchronously load lazily loaded font '../../../Engine/Content/Editor/Slate/Fonts/FontAwesome.ttf' (139K)
[2018.10.18-06.17.59:530][  0]LogSlate: Took 0.000280 seconds to synchronously load lazily loaded font '../../../Engine/Content/Slate/Fonts/Roboto-Light.ttf' (159K)
[2018.10.18-06.17.59:573][  0]LogRenderer: Reallocating scene render targets to support 1204x576 NumSamples 1 (Frame:2).
[2018.10.18-06.17.59:732][  1]LogAssetRegistry: Asset discovery search completed in 10.3518 seconds
[2018.10.18-06.17.59:732][  1]LogCollectionManager: Rebuilt the object cache for 0 collections in 0.000010 seconds (found 0 objects)
[2018.10.18-06.17.59:732][  1]LogCollectionManager: Fixed up redirectors for 0 collections in 0.000043 seconds (updated 0 objects)
[2018.10.18-06.18.08:480][901]SourceControl: Info On branch master
[2018.10.18-06.18.08:480][901]SourceControl: Info Changes not staged for commit:
[2018.10.18-06.18.08:480][901]SourceControl: Info   (use "git add <file>..." to update what will be committed)
[2018.10.18-06.18.08:480][901]SourceControl: Info   (use "git checkout -- <file>..." to discard changes in working directory)
[2018.10.18-06.18.08:480][901]SourceControl: Info 	modified:   Config/DefaultEngine.ini
[2018.10.18-06.18.08:480][901]SourceControl: Info 	modified:   Intermediate/Config/CoalescedSourceConfigs/Engine.ini
[2018.10.18-06.18.08:480][901]SourceControl: Info 	modified:   Saved/AutoScreenshot.png
[2018.10.18-06.18.08:480][901]SourceControl: Info 	modified:   Saved/Config/Windows/EditorPerProjectUserSettings.ini
[2018.10.18-06.18.08:480][901]SourceControl: Info 	modified:   Saved/Config/Windows/Engine.ini
[2018.10.18-06.18.08:480][901]SourceControl: Info 	modified:   Saved/Logs/MyProject.log
[2018.10.18-06.18.08:480][901]SourceControl: Info Untracked files:
[2018.10.18-06.18.08:480][901]SourceControl: Info   (use "git add <file>..." to include in what will be committed)
[2018.10.18-06.18.08:480][901]SourceControl: Info 	Saved/Logs/MyProject-backup-2018.10.18-14.08.32.log
[2018.10.18-06.18.08:481][901]SourceControl: Info 	Saved/Logs/MyProject-backup-2018.10.18-14.14.13.log
[2018.10.18-06.18.08:481][901]SourceControl: Info 	Saved/Logs/MyProject-backup-2018.10.18-14.15.59.log
[2018.10.18-06.18.08:481][901]SourceControl: Info 	Saved/Logs/MyProject-backup-2018.10.18-14.17.42.log
[2018.10.18-06.18.08:481][901]SourceControl: Info 	Saved/Logs/UE4CC-Windows-4F75D66740284E4DDA6AF796592380C5/
[2018.10.18-06.18.08:481][901]SourceControl: Info 	Saved/Logs/UE4CC-Windows-94E14F274D1537AF3925CA9AACDAD4BD/
[2018.10.18-06.18.08:481][901]SourceControl: Info 	Saved/Logs/UE4CC-Windows-BCE2E9804278B3FEE26978AED9487993/
[2018.10.18-06.18.08:481][901]SourceControl: Info 	Saved/Logs/UE4CC-Windows-C0DA4DFB4BE2C06085534F8AB7D8F7EB/
[2018.10.18-06.18.08:481][901]SourceControl: Info no changes added to commit (use "git add" and/or "git commit -a")
[2018.10.18-06.20.45:262][264]SourceControl: Info fatal: e:/Epic Games/UE_4.15/Engine/Content/: 'e:/Epic Games/UE_4.15/Engine/Content/' is outside repository
[2018.10.18-06.20.45:383][264]LogPackageName:Error: Illegal call to DoesPackageExist: '../../../../../development/Unreal/MyProject/MyProject.uproject' is not a standard unreal filename or a long path name. Reason: Path should be no less than 4 characters long.
[2018.10.18-06.20.45:527][264]LogStats: FPlatformStackWalk::StackWalkAndDump -  0.145 s
[2018.10.18-06.20.45:527][264]LogOutputDevice:Error: === Handled ensure: ===
[2018.10.18-06.20.45:527][264]LogOutputDevice:Error: 
[2018.10.18-06.20.45:527][264]LogOutputDevice:Error: Ensure condition failed: false [File:D:\Build\++UE4+Release-4.15+Compile\Sync\Engine\Source\Runtime\CoreUObject\Private\Misc\PackageName.cpp] [Line: 650]
[2018.10.18-06.20.45:527][264]LogOutputDevice:Error: Illegal call to DoesPackageExist: '../../../../../development/Unreal/MyProject/MyProject.uproject' is not a standard unreal filename or a long path name. Reason: Path should be no less than 4 characters long.
[2018.10.18-06.20.45:527][264]LogOutputDevice:Error: Stack: 
[2018.10.18-06.20.45:527][264]LogOutputDevice:Error: UE4Editor-Core.dll!0x00000000DABB95D6
[2018.10.18-06.20.45:527][264]LogOutputDevice:Error: UE4Editor-Core.dll!0x00000000DA969B72
[2018.10.18-06.20.45:527][264]LogOutputDevice:Error: UE4Editor-Core.dll!0x00000000DA97B656
[2018.10.18-06.20.45:527][264]LogOutputDevice:Error: UE4Editor-CoreUObject.dll!0x00000000DBDEA6B8
[2018.10.18-06.20.45:527][264]LogOutputDevice:Error: UE4Editor-SourceControl.dll!0x00000000DBC83D22
[2018.10.18-06.20.45:527][264]LogOutputDevice:Error: UE4Editor-SourceControl.dll!0x00000000DBC83EB9
[2018.10.18-06.20.45:527][264]LogOutputDevice:Error: UE4Editor-SourceControlWindows.dll!0x00000000B70C1D2E
[2018.10.18-06.20.45:527][264]LogOutputDevice:Error: UE4Editor-SourceControlWindows.dll!0x00000000B707B4B5
[2018.10.18-06.20.45:527][264]LogOutputDevice:Error: UE4Editor-SourceControlWindows.dll!0x00000000B707AA8D
[2018.10.18-06.20.45:527][264]LogOutputDevice:Error: UE4Editor-SourceControlWindows.dll!0x00000000B708F274
[2018.10.18-06.20.45:527][264]LogOutputDevice:Error: UE4Editor-GitSourceControl.dll!0x00000000B0A0B851
[2018.10.18-06.20.45:527][264]LogOutputDevice:Error: UE4Editor-GitSourceControl.dll!0x00000000B0A1D1ED
[2018.10.18-06.20.45:527][264]LogOutputDevice:Error: UE4Editor-SourceControl.dll!0x00000000DBC89C5C
[2018.10.18-06.20.45:527][264]LogOutputDevice:Error: UE4Editor-UnrealEd.dll!0x00000000C8197517
[2018.10.18-06.20.45:527][264]LogOutputDevice:Error: UE4Editor-UnrealEd.dll!0x00000000C89A1AD6
[2018.10.18-06.20.45:527][264]LogOutputDevice:Error: UE4Editor.exe!0x000000003F3CDEE3
[2018.10.18-06.20.45:527][264]LogOutputDevice:Error: UE4Editor.exe!0x000000003F3BEB40
[2018.10.18-06.20.45:527][264]LogOutputDevice:Error: UE4Editor.exe!0x000000003F3BEBBA
[2018.10.18-06.20.45:527][264]LogOutputDevice:Error: UE4Editor.exe!0x000000003F3D0A29
[2018.10.18-06.20.45:527][264]LogOutputDevice:Error: UE4Editor.exe!0x000000003F3D22B6
[2018.10.18-06.20.45:527][264]LogOutputDevice:Error: kernel32.dll!0x0000000076C459CD
[2018.10.18-06.20.45:527][264]LogOutputDevice:Error: ntdll.dll!0x000000007700385D
[2018.10.18-06.20.45:527][264]LogOutputDevice:Error: 
[2018.10.18-06.20.45:535][264]LogStats:                SubmitErrorReport -  0.000 s
