Log file open, 10/18/18 14:15:59
LogInit:Display: Running engine for game: MyProject
LogPlatformFile: Not using cached read wrapper
LogInit:Display: RandInit(-941893056) SRandInit(-941893055).
LogTaskGraph: Started task graph with 5 named threads and 8 total threads with 1 sets of task threads.
LogStats: Stats thread started at 0.081190
LogInit: Using libcurl 7.47.1
LogInit:  - built for x86_64-pc-win32
LogInit:  - supports SSL with OpenSSL/1.0.2g
LogInit:  - supports HTTP deflate (compression) using libz 1.2.8
LogInit:  - other features:
LogInit:      CURL_VERSION_SSL
LogInit:      CURL_VERSION_LIBZ
LogInit:      CURL_VERSION_IPV6
LogInit:      CURL_VERSION_ASYNCHDNS
LogInit:      CURL_VERSION_LARGEFILE
LogInit:      CURL_VERSION_IDN
LogInit:  CurlRequestOptions (configurable via config and command line):
LogInit:  - bVerifyPeer = false  - Libcurl will NOT verify peer certificate
LogInit:  - bUseHttpProxy = false  - Libcurl will NOT use HTTP proxy
LogInit:  - bDontReuseConnections = false  - Libcurl will reuse connections
LogInit:  - CertBundlePath = nullptr  - Libcurl will use whatever was configured at build time.
LogInit: Build: ++UE4+Release-4.15-CL-3299760
LogInit: Engine Version: 4.15.0-3299760+++UE4+Release-4.15
LogInit: Compatible Engine Version: 4.15.0-3299760+++UE4+Release-4.15
LogInit: Net CL: 3299760
LogDevObjectVersion: Number of dev versions registered: 14
LogDevObjectVersion:   Dev-Blueprints (B0D832E4-1F89-4F0D-ACCF-7EB736FD4AA2): 8
LogDevObjectVersion:   Dev-Build (E1C64328-A22C-4D53-A36C-8E866417BD8C): 0
LogDevObjectVersion:   Dev-Core (375EC13C-06E4-48FB-B500-84F0262A717E): 2
LogDevObjectVersion:   Dev-Editor (E4B068ED-F494-42E9-A231-DA0B2E46BB41): 14
LogDevObjectVersion:   Dev-Framework (CFFC743F-43B0-4480-9391-14DF171D2073): 22
LogDevObjectVersion:   Dev-Mobile (B02B49B5-BB20-44E9-A304-32B752E40360): 0
LogDevObjectVersion:   Dev-Networking (A4E4105C-59A1-49B5-A7C5-40C4547EDFEE): 0
LogDevObjectVersion:   Dev-Online (39C831C9-5AE6-47DC-9A44-9C173E1C8E7C): 0
LogDevObjectVersion:   Dev-Physics (78F01B33-EBEA-4F98-B9B4-84EACCB95AA2): 0
LogDevObjectVersion:   Dev-Platform (6631380F-2D4D-43E0-8009-CF276956A95A): 0
LogDevObjectVersion:   Dev-Rendering (12F88B9F-8875-4AFC-A67C-D90C383ABD29): 12
LogDevObjectVersion:   Dev-Sequencer (7B5AE74C-D270-4C10-A958-57980B212A5A): 3
LogDevObjectVersion:   Dev-VR (D7296918-1DD6-4BDD-9DE2-64A83CC13884): 0
LogDevObjectVersion:   Dev-LoadTimes (C2A15278-BFE7-4AFE-6C17-90FF531DF755): 1
LogInit: Compiled (64-bit): Feb 14 2017 02:04:14
LogInit: Compiled with Visual C++: 19.00.23026.00
LogInit: Build Configuration: Development
LogInit: Branch Name: ++UE4+Release-4.15
LogInit: Command line: -EpicPortal  -epicusername="Gnemnij" -epicuserid=34471470f4c04c769624843e985e36b0 -epiclocale=zh-CN
LogInit: Base directory: e:/Epic Games/UE_4.15/Engine/Binaries/Win64/
LogInit: Installed Engine Build: 1
LogInit: Presizing for max 8388607 objects, including 0 objects not considered by GC, pre-allocating 0 bytes for permanent pool.
LogInit: Object subsystem initialized
[2018.10.18-06.16.01:055][  0]LogInit: Selected Device Profile: [Windows]
[2018.10.18-06.16.01:055][  0]LogInit: Applying CVar settings loaded from the selected device profile: [Windows]
[2018.10.18-06.16.01:064][  0]LogInit: Computer: MIKEJIN-PC1
[2018.10.18-06.16.01:064][  0]LogInit: User: mikejin
[2018.10.18-06.16.01:064][  0]LogInit: CPU Page size=65536, Cores=4
[2018.10.18-06.16.01:064][  0]LogInit: High frequency timer resolution =3.507587 MHz
[2018.10.18-06.16.01:064][  0]LogMemory: Memory total: Physical=15.9GB (16GB approx)
[2018.10.18-06.16.01:064][  0]LogMemory: Platform Memory Stats for Windows
[2018.10.18-06.16.01:064][  0]LogMemory: Process Physical Memory: 264.58 MB used, 264.58 MB peak
[2018.10.18-06.16.01:064][  0]LogMemory: Process Virtual Memory: 264.55 MB used, 264.55 MB peak
[2018.10.18-06.16.01:064][  0]LogMemory: Physical Memory: 9741.69 MB used,  6566.16 MB free, 16307.85 MB total
[2018.10.18-06.16.01:064][  0]LogMemory: Virtual Memory: 617.13 MB used,  6566.16 MB free, 8388608.00 MB total
[2018.10.18-06.16.01:356][  0]LogInit: Overriding culture en with editor configuration.
[2018.10.18-06.16.01:600][  0]LogWindowsTextInputMethodSystem:Display: IME system now activated using IMM (搜狗输入).
[2018.10.18-06.16.01:988][  0]LogD3D11RHI: D3D11 adapters:
[2018.10.18-06.16.02:173][  0]LogD3D11RHI:    0. 'NVIDIA GeForce GTX 1050' (Feature Level 11_0)
[2018.10.18-06.16.02:173][  0]LogD3D11RHI:       1953/0/7897 MB DedicatedVideo/DedicatedSystem/SharedSystem, Outputs:2, VendorId:0x10de
[2018.10.18-06.16.02:173][  0]LogD3D11RHI: Chosen D3D11 Adapter: 0
[2018.10.18-06.16.02:182][  0]LogD3D11RHI: Creating new Direct3DDevice
[2018.10.18-06.16.02:182][  0]LogD3D11RHI:     GPU DeviceId: 0x1c81 (for the marketing name, search the web for "GPU Device Id")
[2018.10.18-06.16.02:182][  0]LogWindows: EnumDisplayDevices:
[2018.10.18-06.16.02:182][  0]LogWindows:    0. 'NVIDIA GeForce GTX 1050' (P:0 D:1)
[2018.10.18-06.16.02:183][  0]LogWindows:    1. 'NVIDIA GeForce GTX 1050' (P:1 D:1)
[2018.10.18-06.16.02:184][  0]LogWindows:    2. 'NVIDIA GeForce GTX 1050' (P:0 D:0)
[2018.10.18-06.16.02:184][  0]LogWindows:    3. 'NVIDIA GeForce GTX 1050' (P:0 D:0)
[2018.10.18-06.16.02:185][  0]LogWindows:    4. 'RDPDD Chained DD' (P:0 D:0)
[2018.10.18-06.16.02:185][  0]LogWindows:    5. 'RDP Encoder Mirror Driver' (P:0 D:0)
[2018.10.18-06.16.02:186][  0]LogWindows:    6. 'RDP Reflector Display Driver' (P:0 D:0)
[2018.10.18-06.16.02:186][  0]LogWindows: DebugString: GetVideoDriverDetailsInvalid PrimaryIsNotTheChoosenAdapter GetVideoDriverDetailsInvalid PrimaryIsNotTheChoosenAdapter GetVideoDriverDetailsInvalid PrimaryIsNotTheChoosenAdapter FoundDriverCount:4 
[2018.10.18-06.16.02:186][  0]LogD3D11RHI:     Adapter Name: NVIDIA GeForce GTX 1050
[2018.10.18-06.16.02:186][  0]LogD3D11RHI:   Driver Version: 385.28 (internal:22.21.13.8528, unified:385.28)
[2018.10.18-06.16.02:186][  0]LogD3D11RHI:      Driver Date: 8-9-2017
[2018.10.18-06.16.02:186][  0]LogRHI: Texture pool is 1361 MB (70% of 1945 MB)
[2018.10.18-06.16.02:199][  0]LogD3D11RHI: Async texture creation enabled
[2018.10.18-06.16.02:214][  0]LogD3D11RHI: GPU Timing Frequency: 1000.000000 (Debug: 2 2)
[2018.10.18-06.16.02:264][  0]LogShaderCompilers: Guid format shader working directory is 5 characters bigger than the processId version (../../../../../development/Unreal/MyProject/Intermediate/Shaders/WorkingDirectory/5988/).
[2018.10.18-06.16.02:264][  0]LogShaderCompilers: Cleaned the shader compiler working directory 'C:/Users/mikejin/AppData/Local/Temp/UnrealShaderWorkingDir/B07513E04787DC14DD7275AA6A5136AB/'.
[2018.10.18-06.16.02:264][  0]LogShaderCompilers:Display: Using Local Shader Compiler.
[2018.10.18-06.16.04:118][  0]LogTemp:Display: Loaded TP AllDesktopTargetPlatform
[2018.10.18-06.16.04:178][  0]LogTemp:Display: Loaded TP MacClientTargetPlatform
[2018.10.18-06.16.04:233][  0]LogTemp:Display: Loaded TP MacNoEditorTargetPlatform
[2018.10.18-06.16.04:303][  0]LogTemp:Display: Loaded TP MacServerTargetPlatform
[2018.10.18-06.16.04:357][  0]LogTemp:Display: Loaded TP MacTargetPlatform
[2018.10.18-06.16.04:415][  0]LogTemp:Display: Loaded TP WindowsClientTargetPlatform
[2018.10.18-06.16.04:476][  0]LogTemp:Display: Loaded TP WindowsNoEditorTargetPlatform
[2018.10.18-06.16.04:525][  0]LogTemp:Display: Loaded TP WindowsServerTargetPlatform
[2018.10.18-06.16.04:566][  0]LogTemp:Display: Loaded TP WindowsTargetPlatform
[2018.10.18-06.16.04:615][  0]LogTemp:Display: Loaded TP AndroidTargetPlatform
[2018.10.18-06.16.04:668][  0]LogTemp:Display: Loaded TP Android_ASTCTargetPlatform
[2018.10.18-06.16.04:722][  0]LogTemp:Display: Loaded TP Android_ATCTargetPlatform
[2018.10.18-06.16.04:787][  0]LogTemp:Display: Loaded TP Android_DXTTargetPlatform
[2018.10.18-06.16.04:848][  0]LogTemp:Display: Loaded TP Android_ETC1TargetPlatform
[2018.10.18-06.16.04:902][  0]LogTemp:Display: Loaded TP Android_ETC2TargetPlatform
[2018.10.18-06.16.05:022][  0]LogTemp:Display: Loaded TP Android_MultiTargetPlatform
[2018.10.18-06.16.05:022][  0]LogTemp:Display: Loaded TP Android_PVRTCTargetPlatform
[2018.10.18-06.16.05:063][  0]LogTemp:Display: Loaded TP HTML5TargetPlatform
[2018.10.18-06.16.05:156][  0]LogTemp:Display: Loaded TP IOSTargetPlatform
[2018.10.18-06.16.05:181][  0]LogTemp:Display: Loaded TP TVOSTargetPlatform
[2018.10.18-06.16.05:232][  0]LogTemp:Display: Loaded TP LinuxClientTargetPlatform
[2018.10.18-06.16.05:285][  0]LogTemp:Display: Loaded TP LinuxNoEditorTargetPlatform
[2018.10.18-06.16.05:334][  0]LogTemp:Display: Loaded TP LinuxServerTargetPlatform
[2018.10.18-06.16.05:407][  0]LogTemp:Display: Loaded TP LinuxTargetPlatform
[2018.10.18-06.16.05:407][  0]LogTargetPlatformManager:Display: Building Assets For Windows
[2018.10.18-06.16.05:914][  0]LogDerivedDataCache:Display: Max Cache Size: 512 MB
[2018.10.18-06.16.05:962][  0]LogDerivedDataCache: Loaded boot cache 0.05s 50MB C:/Users/mikejin/AppData/Local/UnrealEngine/4.15/DerivedDataCache/Boot.ddc.
[2018.10.18-06.16.05:962][  0]LogDerivedDataCache:Display: Loaded Boot cache: C:/Users/mikejin/AppData/Local/UnrealEngine/4.15/DerivedDataCache/Boot.ddc
[2018.10.18-06.16.05:962][  0]LogDerivedDataCache: FDerivedDataBackendGraph:  Pak pak cache file ../../../../../development/Unreal/MyProject/DerivedDataCache/DDC.ddp not found, will not use a pak cache.
[2018.10.18-06.16.05:962][  0]LogDerivedDataCache: Unable to find inner node Pak for hierarchical cache Hierarchy.
[2018.10.18-06.16.05:962][  0]LogDerivedDataCache: FDerivedDataBackendGraph:  CompressedPak pak cache file ../../../../../development/Unreal/MyProject/DerivedDataCache/Compressed.ddp not found, will not use a pak cache.
[2018.10.18-06.16.05:962][  0]LogDerivedDataCache: Unable to find inner node CompressedPak for hierarchical cache Hierarchy.
[2018.10.18-06.16.05:981][  0]LogDerivedDataCache:Display: Pak cache opened for reading ../../../Engine/DerivedDataCache/Compressed.ddp.
[2018.10.18-06.16.05:994][  0]LogDerivedDataCache: Using Local data cache path C:/Users/mikejin/AppData/Local/UnrealEngine/Common/DerivedDataCache: Writable
[2018.10.18-06.16.06:001][  0]LogSlate: Using Freetype 2.6.0
[2018.10.18-06.16.06:002][  0]LogSlate: SlateFontCache - WITH_FREETYPE: 1, WITH_HARFBUZZ: 1
[2018.10.18-06.16.06:002][  0]LogSlate: SlateFontCache - WITH_FREETYPE: 1, WITH_HARFBUZZ: 1
[2018.10.18-06.16.06:268][  0]LogInit: Selected Device Profile: [Windows]
[2018.10.18-06.16.06:270][  0]LogContentStreaming: Texture pool size is 0.00 MB
[2018.10.18-06.16.06:475][  0]LogMeshUtilities: Using QuadricMeshReduction for automatic static mesh reduction
[2018.10.18-06.16.06:544][  0]LogSimplygon: Simplygon DLL not present - disabling.
[2018.10.18-06.16.06:593][  0]LogMeshUtilities: Using SimplygonSwarm for distributed automatic mesh merging
[2018.10.18-06.16.06:593][  0]LogMeshUtilities: No automatic skeletal mesh reduction module available
[2018.10.18-06.16.06:593][  0]LogMeshUtilities: No automatic mesh merging module available
[2018.10.18-06.16.07:051][  0]LogNetVersion: GetLocalNetworkVersion: CL: 3299760, ProjectName: myproject, ProjectVersion: , EngineNetworkVersion: 2, GameNetworkVersion: 0, NetworkChecksum: 4136520461
[2018.10.18-06.16.07:090][  0]LogAssetRegistry: FAssetRegistry took 0.0199 seconds to start up
[2018.10.18-06.16.07:119][  0]LogPackageLocalizationCache: Processed 3 localized package path(s) for 1 prioritized culture(s) in 0.017761 seconds
[2018.10.18-06.16.07:123][  0]LogUObjectArray: 32475 objects as part of root set at end of initial load.
[2018.10.18-06.16.07:123][  0]LogUObjectAllocator: 7073368 out of 0 bytes used by permanent object pool.
[2018.10.18-06.16.07:123][  0]LogUObjectArray: CloseDisregardForGC: 0/0 objects in disregard for GC pool
[2018.10.18-06.16.07:208][  0]LogInit: WinSock: version 1.1 (2.2), MaxSocks=32767, MaxUdp=65467
[2018.10.18-06.16.09:015][  0]LogTcpMessaging: Initializing TcpMessaging bridge
[2018.10.18-06.16.09:057][  0]LogUdpMessaging: Initializing bridge on interface 0.0.0.0:0 to multicast group 230.0.0.1:6666.
[2018.10.18-06.16.09:594][  0]LogMaterial: Uniform references updated for custom material expression Custom.
[2018.10.18-06.16.09:975][  0]SourceControl: Info Source control is disabled
[2018.10.18-06.16.11:359][  0]LogEngine: Initializing Engine...
[2018.10.18-06.16.11:360][  0]LogHMD: Failed to initialize OpenVR with code 110
[2018.10.18-06.16.11:613][  0]LogAIModule: Creating AISystem for world Untitled
[2018.10.18-06.16.11:646][  0]LogInit: XAudio2 using '扬声器 (Realtek High Definition Audio)' : 2 channels at 48 kHz using 32 bits per sample (channel mask 0x3)
[2018.10.18-06.16.11:664][  0]LogInit: FAudioDevice initialized.
[2018.10.18-06.16.11:693][  0]LogDerivedDataCache: Saved boot cache 0.03s 50MB C:/Users/mikejin/AppData/Local/UnrealEngine/4.15/DerivedDataCache/Boot.ddc.
[2018.10.18-06.16.11:699][  0]LogInit: Texture streaming: Enabled
[2018.10.18-06.16.11:759][  0]LogEngineSessionManager: EngineSessionManager initialized
[2018.10.18-06.16.11:849][  0]LogInit: Transaction tracking system initialized
[2018.10.18-06.16.12:296][  0]BlueprintLog: New page: Editor Load
[2018.10.18-06.16.13:298][  0]LocalizationService: Info Localization service is disabled
[2018.10.18-06.16.13:968][  0]LogConsoleResponse:Display: 
[2018.10.18-06.16.14:073][  0]LogCook:Display: Max memory allowance for cook 16384mb min free memory 0mb
[2018.10.18-06.16.14:073][  0]LogCook:Display: Mobile HDR setting 1
[2018.10.18-06.16.14:591][  0]LogFileCache: Scanning file cache for directory 'e:/development/Unreal/MyProject/Content/' took 0.01s
[2018.10.18-06.16.15:039][  0]Cmd: MAP LOAD FILE="../../../../../development/Unreal/MyProject/Content/SideScrollerBP/Maps/SideScrollerExampleMap.umap" TEMPLATE=0 SHOWPROGRESS=1 FEATURELEVEL=3
[2018.10.18-06.16.15:040][  0]LightingResults: New page: Lighting Build
[2018.10.18-06.16.15:082][  0]MapCheck: New page: Map Check
[2018.10.18-06.16.15:082][  0]LightingResults: New page: Lighting Build
[2018.10.18-06.16.15:411][  0]LogAIModule: Creating AISystem for world SideScrollerExampleMap
[2018.10.18-06.16.15:421][  0]LogEditorServer: Finished looking for orphan Actors (0.000 secs)
[2018.10.18-06.16.15:424][  0]Cmd: MAP CHECKDEP NOCLEARLOG
[2018.10.18-06.16.15:467][  0]MapCheck: Info Map check complete: 0 Error(s), 0 Warning(s), took 43.06ms to complete.
[2018.10.18-06.16.15:467][  0]LogFileHelpers: Loading map 'SideScrollerExampleMap' took 0.428
[2018.10.18-06.16.15:628][  0]LogCollectionManager: Loaded 0 collections in 0.000918 seconds
[2018.10.18-06.16.15:711][  0]LogFileCache: Scanning file cache for directory 'e:/development/Unreal/MyProject/Saved/Collections/' took 0.01s
[2018.10.18-06.16.15:711][  0]LogFileCache: Scanning file cache for directory 'e:/development/Unreal/MyProject/Content/Developers/mikejin/Collections/' took 0.01s
[2018.10.18-06.16.15:711][  0]LogFileCache: Scanning file cache for directory 'e:/development/Unreal/MyProject/Content/Collections/' took 0.01s
[2018.10.18-06.16.15:711][  0]LogCollectionManager: Rebuilt the GUID cache for 0 collections in 0.000001 seconds
[2018.10.18-06.16.15:719][  0]LogContentBrowser: Native class hierarchy populated in 0.0079 seconds. Added 2244 classes and 450 folders.
[2018.10.18-06.16.15:722][  0]LogStats: UGameplayTagsManager::ConstructGameplayTagTree: Construct from data asset -  0.000 s
[2018.10.18-06.16.15:722][  0]LogStats: UGameplayTagsManager::ConstructGameplayTagTree: GameplayTagTreeChangedEvent.Broadcast -  0.000 s
[2018.10.18-06.16.15:780][  0]LogContentBrowser: Native class hierarchy updated for 'WidgetCarousel' in 0.0006 seconds. Added 0 classes and 0 folders.
[2018.10.18-06.16.15:829][  0]LogContentBrowser: Native class hierarchy updated for 'AddContentDialog' in 0.0007 seconds. Added 0 classes and 0 folders.
[2018.10.18-06.16.15:879][  0]LogContentBrowser: Native class hierarchy updated for 'SceneOutliner' in 0.0006 seconds. Added 1 classes and 2 folders.
[2018.10.18-06.16.15:967][  0]LogCrashTracker: Crashtracker disabled due to settings.
[2018.10.18-06.16.15:973][  0]LogUObjectGlobals:Warning: Failed to find object 'Class None.'
[2018.10.18-06.16.16:042][  0]LogContentBrowser: Native class hierarchy updated for 'HierarchicalLODOutliner' in 0.0006 seconds. Added 1 classes and 2 folders.
[2018.10.18-06.16.16:043][  0]LogLoad: (Engine Initialization) Total time: 17.25 seconds
[2018.10.18-06.16.16:043][  0]LogLoad: (Engine Initialization) Total Blueprint compile time: 0.12 seconds
[2018.10.18-06.16.16:043][  0]LogExternalProfiler: Found external profiler: VSPerf
[2018.10.18-06.16.16:043][  0]LogExternalProfiler: Using external profiler: VSPerf
[2018.10.18-06.16.16:076][  0]LogOcInput: OculusInput pre-init called
[2018.10.18-06.16.16:100][  0]LogContentStreaming: Texture pool size now 1000 MB
[2018.10.18-06.16.16:101][  0]LogSlate: Took 0.000265 seconds to synchronously load lazily loaded font '../../../Engine/Content/Slate/Fonts/Roboto-Regular.ttf' (155K)
[2018.10.18-06.16.16:104][  0]LogSlate: Took 0.000289 seconds to synchronously load lazily loaded font '../../../Engine/Content/Slate/Fonts/Roboto-Bold.ttf' (160K)
[2018.10.18-06.16.16:109][  0]LogSlate: Took 0.000208 seconds to synchronously load lazily loaded font '../../../Engine/Content/Editor/Slate/Fonts/FontAwesome.ttf' (139K)
[2018.10.18-06.16.16:254][  0]LogRenderer: Reallocating scene render targets to support 1204x576 NumSamples 1 (Frame:2).
[2018.10.18-06.16.16:314][  1]LogAssetRegistry: Asset discovery search completed in 9.2445 seconds
[2018.10.18-06.16.16:314][  1]LogCollectionManager: Rebuilt the object cache for 0 collections in 0.000003 seconds (found 0 objects)
[2018.10.18-06.16.16:314][  1]LogCollectionManager: Fixed up redirectors for 0 collections in 0.000014 seconds (updated 0 objects)
[2018.10.18-06.16.16:336][  1]LogSlate: Took 0.000268 seconds to synchronously load lazily loaded font '../../../Engine/Content/Slate/Fonts/Roboto-Light.ttf' (159K)
[2018.10.18-06.16.27:266][280]SourceControl: Info Source control is disabled
[2018.10.18-06.16.28:465][400]Cmd: QUIT_EDITOR
[2018.10.18-06.16.28:518][400]LogExit: Preparing to exit.
[2018.10.18-06.16.29:208][400]LogDirectoryWatcher: A directory notification for 'e:/development/Unreal/MyProject/Content/' was aborted.
[2018.10.18-06.16.29:222][400]LogExit: Editor shut down
[2018.10.18-06.16.29:223][400]LogExit: Transaction tracking system shut down
[2018.10.18-06.16.29:303][400]LogObj: Freed 0b from 0 cluster array pools.
[2018.10.18-06.16.29:304][400]LogExit: Object subsystem successfully closed.
[2018.10.18-06.16.29:400][400]LogD3D11RHI: Shutdown
[2018.10.18-06.16.29:400][400]LogD3D11RHI: CleanupD3DDevice
[2018.10.18-06.16.29:807][400]LogD3D11RHI: ~FD3D11DynamicRHI
[2018.10.18-06.16.29:821][400]LogModuleManager: Shutting down and abandoning module HierarchicalLODOutliner (496)
[2018.10.18-06.16.29:821][400]LogModuleManager: Shutting down and abandoning module CrashTracker (494)
[2018.10.18-06.16.29:821][400]LogModuleManager: Shutting down and abandoning module SceneOutliner (492)
[2018.10.18-06.16.29:821][400]LogModuleManager: Shutting down and abandoning module AddContentDialog (490)
[2018.10.18-06.16.29:821][400]LogDirectoryWatcher: A directory notification for 'e:/Epic Games/UE_4.15/FeaturePacks/' was aborted.
[2018.10.18-06.16.29:824][400]LogModuleManager: Shutting down and abandoning module WidgetCarousel (489)
[2018.10.18-06.16.29:824][400]LogModuleManager: Shutting down and abandoning module EditorWidgets (486)
[2018.10.18-06.16.29:824][400]LogModuleManager: Shutting down and abandoning module CollectionManager (484)
[2018.10.18-06.16.29:824][400]LogDirectoryWatcher: A directory notification for 'e:/development/Unreal/MyProject/Content/Collections/' was aborted.
[2018.10.18-06.16.29:824][400]LogDirectoryWatcher: A directory notification for 'e:/development/Unreal/MyProject/Content/Developers/mikejin/Collections/' was aborted.
[2018.10.18-06.16.29:824][400]LogDirectoryWatcher: A directory notification for 'e:/development/Unreal/MyProject/Saved/Collections/' was aborted.
[2018.10.18-06.16.29:824][400]LogModuleManager: Shutting down and abandoning module StatsViewer (482)
[2018.10.18-06.16.29:824][400]LogModuleManager: Shutting down and abandoning module FoliageEdit (480)
[2018.10.18-06.16.29:825][400]LogModuleManager: Shutting down and abandoning module LandscapeEditor (478)
[2018.10.18-06.16.29:825][400]LogModuleManager: Shutting down and abandoning module SceneDepthPickerMode (476)
[2018.10.18-06.16.29:825][400]LogModuleManager: Shutting down and abandoning module ActorPickerMode (474)
[2018.10.18-06.16.29:825][400]LogModuleManager: Shutting down and abandoning module GeometryMode (472)
[2018.10.18-06.16.29:825][400]LogModuleManager: Shutting down and abandoning module TextureAlignMode (470)
[2018.10.18-06.16.29:825][400]LogModuleManager: Shutting down and abandoning module BspMode (468)
[2018.10.18-06.16.29:826][400]LogModuleManager: Shutting down and abandoning module HardwareSurvey (466)
[2018.10.18-06.16.29:826][400]LogModuleManager: Shutting down and abandoning module SequenceRecorderSections (464)
[2018.10.18-06.16.29:826][400]LogModuleManager: Shutting down and abandoning module AutomationWorker (462)
[2018.10.18-06.16.29:826][400]LogModuleManager: Shutting down and abandoning module MatineeToLevelSequence (460)
[2018.10.18-06.16.29:826][400]LogModuleManager: Shutting down and abandoning module LevelSequenceEditor (458)
[2018.10.18-06.16.29:827][400]LogModuleManager: Shutting down and abandoning module PlacementMode (457)
[2018.10.18-06.16.29:827][400]LogModuleManager: Shutting down and abandoning module WmfMediaFactory (454)
[2018.10.18-06.16.29:827][400]LogModuleManager: Shutting down and abandoning module WmfMediaEditor (452)
[2018.10.18-06.16.29:827][400]LogModuleManager: Shutting down and abandoning module MfMediaFactory (450)
[2018.10.18-06.16.29:827][400]LogModuleManager: Shutting down and abandoning module MfMediaEditor (448)
[2018.10.18-06.16.29:827][400]LogModuleManager: Shutting down and abandoning module AvfMediaFactory (446)
[2018.10.18-06.16.29:827][400]LogModuleManager: Shutting down and abandoning module AvfMediaEditor (444)
[2018.10.18-06.16.29:827][400]LogModuleManager: Shutting down and abandoning module AndroidMediaFactory (442)
[2018.10.18-06.16.29:827][400]LogModuleManager: Shutting down and abandoning module Media (441)
[2018.10.18-06.16.29:827][400]LogModuleManager: Shutting down and abandoning module AndroidMediaEditor (438)
[2018.10.18-06.16.29:827][400]LogModuleManager: Shutting down and abandoning module CharacterAI (436)
[2018.10.18-06.16.29:827][400]LogModuleManager: Shutting down and abandoning module AudioCapture (434)
[2018.10.18-06.16.29:827][400]LogModuleManager: Shutting down and abandoning module SequenceRecorder (433)
[2018.10.18-06.16.29:827][400]LogModuleManager: Shutting down and abandoning module SmartSnapping (430)
[2018.10.18-06.16.29:827][400]LogModuleManager: Shutting down and abandoning module SessionServices (428)
[2018.10.18-06.16.29:827][400]LogModuleManager: Shutting down and abandoning module ViewportSnapping (426)
[2018.10.18-06.16.29:827][400]LogModuleManager: Shutting down and abandoning module ViewportInteraction (424)
[2018.10.18-06.16.29:827][400]LogModuleManager: Shutting down and abandoning module LogVisualizer (422)
[2018.10.18-06.16.29:828][400]LogModuleManager: Shutting down and abandoning module IntroTutorials (420)
[2018.10.18-06.16.29:828][400]LogModuleManager: Shutting down and abandoning module GameProjectGeneration (419)
[2018.10.18-06.16.29:828][400]LogModuleManager: Shutting down and abandoning module EditorLiveStreaming (416)
[2018.10.18-06.16.29:828][400]LogModuleManager: Shutting down and abandoning module IOSPlatformEditor (414)
[2018.10.18-06.16.29:829][400]LogModuleManager: Shutting down and abandoning module HTML5PlatformEditor (412)
[2018.10.18-06.16.29:829][400]LogModuleManager: Shutting down and abandoning module AndroidPlatformEditor (410)
[2018.10.18-06.16.29:829][400]LogModuleManager: Shutting down and abandoning module AndroidDeviceDetection (409)
[2018.10.18-06.16.30:655][400]LogModuleManager: Shutting down and abandoning module IOSRuntimeSettings (406)
[2018.10.18-06.16.30:655][400]LogModuleManager: Shutting down and abandoning module AndroidRuntimeSettings (404)
[2018.10.18-06.16.30:655][400]LogModuleManager: Shutting down and abandoning module InputBindingEditor (402)
[2018.10.18-06.16.30:655][400]LogModuleManager: Shutting down and abandoning module NiagaraEditor (400)
[2018.10.18-06.16.30:655][400]LogModuleManager: Shutting down and abandoning module MergeActors (398)
[2018.10.18-06.16.30:655][400]LogModuleManager: Shutting down and abandoning module SizeMap (396)
[2018.10.18-06.16.30:656][400]LogModuleManager: Shutting down and abandoning module TreeMap (394)
[2018.10.18-06.16.30:656][400]LogModuleManager: Shutting down and abandoning module ReferenceViewer (392)
[2018.10.18-06.16.30:656][400]LogModuleManager: Shutting down and abandoning module LocalizationDashboard (390)
[2018.10.18-06.16.30:656][400]LogModuleManager: Shutting down and abandoning module LocalizationService (389)
[2018.10.18-06.16.30:656][400]LogModuleManager: Shutting down and abandoning module HardwareTargeting (386)
[2018.10.18-06.16.30:656][400]LogModuleManager: Shutting down and abandoning module DeviceProfileEditor (384)
[2018.10.18-06.16.30:656][400]LogModuleManager: Shutting down and abandoning module UndoHistory (382)
[2018.10.18-06.16.30:656][400]LogModuleManager: Shutting down and abandoning module UserFeedback (380)
[2018.10.18-06.16.30:656][400]LogModuleManager: Shutting down and abandoning module XmlParser (378)
[2018.10.18-06.16.30:656][400]LogModuleManager: Shutting down and abandoning module Blutility (376)
[2018.10.18-06.16.30:656][400]LogModuleManager: Shutting down and abandoning module ProjectSettingsViewer (374)
[2018.10.18-06.16.30:656][400]LogModuleManager: Shutting down and abandoning module ProjectTargetPlatformEditor (373)
[2018.10.18-06.16.30:656][400]LogModuleManager: Shutting down and abandoning module EditorSettingsViewer (370)
[2018.10.18-06.16.30:656][400]LogModuleManager: Shutting down and abandoning module SettingsEditor (368)
[2018.10.18-06.16.30:656][400]LogModuleManager: Shutting down and abandoning module ProjectLauncher (366)
[2018.10.18-06.16.30:656][400]LogModuleManager: Shutting down and abandoning module SessionFrontend (364)
[2018.10.18-06.16.30:656][400]LogModuleManager: Shutting down and abandoning module ProfilerClient (362)
[2018.10.18-06.16.30:656][400]LogModuleManager: Shutting down and abandoning module DeviceManager (360)
[2018.10.18-06.16.30:656][400]LogModuleManager: Shutting down and abandoning module TargetDeviceServices (359)
[2018.10.18-06.16.30:696][400]LogModuleManager: Shutting down and abandoning module AutomationController (356)
[2018.10.18-06.16.30:696][400]LogModuleManager: Shutting down and abandoning module AutomationWindow (354)
[2018.10.18-06.16.30:696][400]LogModuleManager: Shutting down and abandoning module Layers (352)
[2018.10.18-06.16.30:696][400]LogModuleManager: Shutting down and abandoning module ComponentVisualizers (350)
[2018.10.18-06.16.30:696][400]LogModuleManager: Shutting down and abandoning module DetailCustomizations (348)
[2018.10.18-06.16.30:696][400]LogModuleManager: Shutting down and abandoning module PackagesDialog (346)
[2018.10.18-06.16.30:696][400]LogModuleManager: Shutting down and abandoning module Persona (344)
[2018.10.18-06.16.30:696][400]LogModuleManager: Shutting down and abandoning module AnimGraph (343)
[2018.10.18-06.16.30:696][400]LogModuleManager: Shutting down and abandoning module Kismet (340)
[2018.10.18-06.16.30:697][400]LogModuleManager: Shutting down and abandoning module GraphEditor (338)
[2018.10.18-06.16.30:697][400]LogModuleManager: Shutting down and abandoning module ClassViewer (336)
[2018.10.18-06.16.30:697][400]LogModuleManager: Shutting down and abandoning module Toolbox (334)
[2018.10.18-06.16.30:697][400]LogModuleManager: Shutting down and abandoning module ModuleUI (332)
[2018.10.18-06.16.30:697][400]LogModuleManager: Shutting down and abandoning module MovieSceneTools (330)
[2018.10.18-06.16.30:697][400]LogModuleManager: Shutting down and abandoning module OutputLog (328)
[2018.10.18-06.16.30:697][400]LogModuleManager: Shutting down and abandoning module GammaUI (326)
[2018.10.18-06.16.30:697][400]LogModuleManager: Shutting down and abandoning module Documentation (324)
[2018.10.18-06.16.30:697][400]LogModuleManager: Shutting down and abandoning module Niagara (322)
[2018.10.18-06.16.30:697][400]LogModuleManager: Shutting down and abandoning module StreamingPauseRendering (320)
[2018.10.18-06.16.30:697][400]LogModuleManager: Shutting down and abandoning module AnalyticsET (318)
[2018.10.18-06.16.30:697][400]LogModuleManager: Shutting down and abandoning module PortalServices (316)
[2018.10.18-06.16.30:697][400]LogModuleManager: Shutting down and abandoning module PortalRpc (314)
[2018.10.18-06.16.30:697][400]LogModuleManager: Shutting down and abandoning module MessagingRpc (312)
[2018.10.18-06.16.30:697][400]LogModuleManager: Shutting down and abandoning module AIModule (310)
[2018.10.18-06.16.30:697][400]LogModuleManager: Shutting down and abandoning module GameplayDebugger (309)
[2018.10.18-06.16.30:697][400]LogModuleManager: Shutting down and abandoning module AITestSuite (307)
[2018.10.18-06.16.30:697][400]LogModuleManager: Shutting down and abandoning module ProfilerService (304)
[2018.10.18-06.16.30:822][400]LogModuleManager: Shutting down and abandoning module TaskGraph (302)
[2018.10.18-06.16.30:822][400]LogModuleManager: Shutting down and abandoning module SteamVRController (300)
[2018.10.18-06.16.30:822][400]LogModuleManager: Shutting down and abandoning module SteamVR (298)
[2018.10.18-06.16.30:822][400]LogModuleManager: Shutting down and abandoning module ProceduralMeshComponentEditor (296)
[2018.10.18-06.16.30:822][400]LogModuleManager: Shutting down and abandoning module ProceduralMeshComponent (294)
[2018.10.18-06.16.30:822][400]LogModuleManager: Shutting down and abandoning module OculusLibrary (292)
[2018.10.18-06.16.30:822][400]LogModuleManager: Shutting down and abandoning module OculusInput (290)
[2018.10.18-06.16.30:822][400]LogModuleManager: Shutting down and abandoning module MobilePatchingUtils (288)
[2018.10.18-06.16.30:822][400]LogModuleManager: Shutting down and abandoning module CustomMeshComponent (286)
[2018.10.18-06.16.30:822][400]LogModuleManager: Shutting down and abandoning module CableComponent (284)
[2018.10.18-06.16.30:822][400]LogModuleManager: Shutting down and abandoning module ArchVisCharacter (282)
[2018.10.18-06.16.30:822][400]LogModuleManager: Shutting down and abandoning module MediaPlayerEditor (278)
[2018.10.18-06.16.30:822][400]LogModuleManager: Shutting down and abandoning module HTML5Networking (276)
[2018.10.18-06.16.30:822][400]LogModuleManager: Shutting down and abandoning module AlembicImporter (274)
[2018.10.18-06.16.30:822][400]LogModuleManager: Shutting down and abandoning module AlembicLibrary (273)
[2018.10.18-06.16.30:822][400]LogModuleManager: Shutting down and abandoning module GeometryCache (272)
[2018.10.18-06.16.30:822][400]LogModuleManager: Shutting down and abandoning module GeometryCacheEd (271)
[2018.10.18-06.16.30:822][400]LogModuleManager: Shutting down and abandoning module SuperSearchEditor (266)
[2018.10.18-06.16.30:822][400]LogModuleManager: Shutting down and abandoning module SuperSearch (265)
[2018.10.18-06.16.30:822][400]LogModuleManager: Shutting down and abandoning module SpeedTreeImporter (262)
[2018.10.18-06.16.30:822][400]LogModuleManager: Shutting down and abandoning module PluginBrowser (260)
[2018.10.18-06.16.30:822][400]LogModuleManager: Shutting down and abandoning module MobileLauncherProfileWizard (258)
[2018.10.18-06.16.30:822][400]LogModuleManager: Shutting down and abandoning module EpicSurvey (256)
[2018.10.18-06.16.30:822][400]LogModuleManager: Shutting down and abandoning module VisualStudioSourceCodeAccess (254)
[2018.10.18-06.16.30:822][400]LogModuleManager: Shutting down and abandoning module DesktopPlatform (253)
[2018.10.18-06.16.30:822][400]LogModuleManager: Shutting down and abandoning module UObjectPlugin (250)
[2018.10.18-06.16.30:822][400]LogModuleManager: Shutting down and abandoning module SubversionSourceControl (248)
[2018.10.18-06.16.30:822][400]LogModuleManager: Shutting down and abandoning module PerforceSourceControl (246)
[2018.10.18-06.16.30:822][400]LogModuleManager: Shutting down and abandoning module GitSourceControl (244)
[2018.10.18-06.16.30:822][400]LogModuleManager: Shutting down and abandoning module SourceControl (243)
[2018.10.18-06.16.30:822][400]LogModuleManager: Shutting down and abandoning module LightPropagationVolumeEditor (240)
[2018.10.18-06.16.30:822][400]LogModuleManager: Shutting down and abandoning module PaperTiledImporter (238)
[2018.10.18-06.16.30:822][400]LogModuleManager: Shutting down and abandoning module PaperSpriteSheetImporter (236)
[2018.10.18-06.16.30:822][400]LogModuleManager: Shutting down and abandoning module Paper2DEditor (234)
[2018.10.18-06.16.30:822][400]LogModuleManager: Shutting down and abandoning module MeshPaint (233)
[2018.10.18-06.16.30:822][400]LogModuleManager: Shutting down and abandoning module LevelEditor (231)
[2018.10.18-06.16.30:823][400]LogModuleManager: Shutting down and abandoning module PixelInspectorModule (230)
[2018.10.18-06.16.30:823][400]LogModuleManager: Shutting down and abandoning module MainFrame (228)
[2018.10.18-06.16.30:823][400]LogModuleManager: Shutting down and abandoning module HotReload (227)
[2018.10.18-06.16.30:824][400]LogModuleManager: Shutting down and abandoning module ContentBrowser (223)
[2018.10.18-06.16.30:825][400]LogModuleManager: Shutting down and abandoning module PhysXVehiclesEditor (220)
[2018.10.18-06.16.30:825][400]LogModuleManager: Shutting down and abandoning module PhysXVehicles (218)
[2018.10.18-06.16.30:825][400]LogModuleManager: Shutting down and abandoning module LocationServicesBPLibrary (216)
[2018.10.18-06.16.30:825][400]LogModuleManager: Shutting down and abandoning module UdpMessaging (214)
[2018.10.18-06.16.30:925][400]LogModuleManager: Shutting down and abandoning module TcpMessaging (212)
[2018.10.18-06.16.31:026][400]LogModuleManager: Shutting down and abandoning module GameplayTagsEditor (210)
[2018.10.18-06.16.31:026][400]LogModuleManager: Shutting down and abandoning module FacialAnimationEditor (208)
[2018.10.18-06.16.31:026][400]LogModuleManager: Shutting down and abandoning module FacialAnimation (206)
[2018.10.18-06.16.31:026][400]LogModuleManager: Shutting down and abandoning module LightPropagationVolumeRuntime (204)
[2018.10.18-06.16.31:026][400]LogModuleManager: Shutting down and abandoning module Paper2D (202)
[2018.10.18-06.16.31:026][400]LogModuleManager: Shutting down and abandoning module WindowsMoviePlayer (200)
[2018.10.18-06.16.31:026][400]LogModuleManager: Shutting down and abandoning module WmfMedia (198)
[2018.10.18-06.16.31:030][400]LogModuleManager: Shutting down and abandoning module MfMedia (196)
[2018.10.18-06.16.31:030][400]LogModuleManager: Shutting down and abandoning module MediaAssets (194)
[2018.10.18-06.16.31:030][400]LogModuleManager: Shutting down and abandoning module GameLiveStreaming (192)
[2018.10.18-06.16.31:030][400]LogModuleManager: Shutting down and abandoning module VREditor (190)
[2018.10.18-06.16.31:030][400]LogModuleManager: Shutting down and abandoning module GameplayTasksEditor (188)
[2018.10.18-06.16.31:030][400]LogModuleManager: Shutting down and abandoning module BehaviorTreeEditor (186)
[2018.10.18-06.16.31:030][400]LogModuleManager: Shutting down and abandoning module FunctionalTesting (184)
[2018.10.18-06.16.31:030][400]LogModuleManager: Shutting down and abandoning module CollisionAnalyzer (182)
[2018.10.18-06.16.31:030][400]LogModuleManager: Shutting down and abandoning module UMG (180)
[2018.10.18-06.16.31:030][400]LogModuleManager: Shutting down and abandoning module UMGEditor (179)
[2018.10.18-06.16.31:030][400]LogModuleManager: Shutting down and abandoning module Sequencer (178)
[2018.10.18-06.16.31:030][400]LogModuleManager: Shutting down and abandoning module AssetTools (176)
[2018.10.18-06.16.31:030][400]LogModuleManager: Shutting down and abandoning module MessageLog (175)
[2018.10.18-06.16.31:030][400]LogModuleManager: Shutting down and abandoning module WorkspaceMenuStructure (174)
[2018.10.18-06.16.31:030][400]LogModuleManager: Shutting down and abandoning module SlateReflector (168)
[2018.10.18-06.16.31:030][400]LogModuleManager: Shutting down and abandoning module Slate (166)
[2018.10.18-06.16.31:030][400]LogModuleManager: Shutting down and abandoning module EditorStyle (164)
[2018.10.18-06.16.31:032][400]LogModuleManager: Shutting down and abandoning module SourceCodeAccess (162)
[2018.10.18-06.16.31:032][400]LogModuleManager: Shutting down and abandoning module HeadMountedDisplay (160)
[2018.10.18-06.16.31:032][400]LogModuleManager: Shutting down and abandoning module XAudio2 (158)
[2018.10.18-06.16.31:032][400]LogModuleManager: Shutting down and abandoning module Networking (156)
[2018.10.18-06.16.31:032][400]LogModuleManager: Shutting down and abandoning module Core (152)
[2018.10.18-06.16.31:032][400]LogModuleManager: Shutting down and abandoning module AssetRegistry (150)
[2018.10.18-06.16.31:166][400]LogDirectoryWatcher: A directory notification for '../../../Engine/Content/' was aborted.
[2018.10.18-06.16.31:166][400]LogDirectoryWatcher: A directory notification for '../../../../../development/Unreal/MyProject/Content/' was aborted.
[2018.10.18-06.16.31:166][400]LogDirectoryWatcher: A directory notification for '../../../Engine/Plugins/2D/Paper2D/Content/' was aborted.
[2018.10.18-06.16.31:166][400]LogModuleManager: Shutting down and abandoning module DirectoryWatcher (149)
[2018.10.18-06.16.31:166][400]LogModuleManager: Shutting down and abandoning module KismetCompiler (146)
[2018.10.18-06.16.31:166][400]LogModuleManager: Shutting down and abandoning module PhysXFormats (144)
[2018.10.18-06.16.31:166][400]LogModuleManager: Shutting down and abandoning module MeshUtilities (142)
[2018.10.18-06.16.31:166][400]LogModuleManager: Shutting down and abandoning module SimplygonSwarm (141)
[2018.10.18-06.16.31:166][400]LogModuleManager: Shutting down and abandoning module SimplygonMeshReduction (139)
[2018.10.18-06.16.31:166][400]LogModuleManager: Shutting down and abandoning module QuadricMeshReduction (137)
[2018.10.18-06.16.31:166][400]LogModuleManager: Shutting down and abandoning module PropertyEditor (135)
[2018.10.18-06.16.31:166][400]LogModuleManager: Shutting down and abandoning module DerivedDataCache (132)
[2018.10.18-06.16.31:489][400]LogDerivedDataCache: Shutdown
[2018.10.18-06.16.31:489][400]LogModuleManager: Shutting down and abandoning module TargetPlatform (130)
[2018.10.18-06.16.31:489][400]LogModuleManager: Shutting down and abandoning module VulkanShaderFormat (129)
[2018.10.18-06.16.31:489][400]LogModuleManager: Shutting down and abandoning module ShaderFormatOpenGL (127)
[2018.10.18-06.16.31:489][400]LogModuleManager: Shutting down and abandoning module ShaderFormatD3D (125)
[2018.10.18-06.16.31:489][400]LogModuleManager: Shutting down and abandoning module MetalShaderFormat (123)
[2018.10.18-06.16.31:489][400]LogModuleManager: Shutting down and abandoning module TextureFormatUncompressed (121)
[2018.10.18-06.16.31:489][400]LogModuleManager: Shutting down and abandoning module TextureFormatPVR (119)
[2018.10.18-06.16.31:489][400]LogModuleManager: Shutting down and abandoning module TextureFormatDXT (117)
[2018.10.18-06.16.31:489][400]LogModuleManager: Shutting down and abandoning module TextureFormatIntelISPCTexComp (115)
[2018.10.18-06.16.31:489][400]LogModuleManager: Shutting down and abandoning module TextureFormatASTC (113)
[2018.10.18-06.16.31:489][400]LogModuleManager: Shutting down and abandoning module ImageWrapper (112)
[2018.10.18-06.16.31:489][400]LogModuleManager: Shutting down and abandoning module TextureFormatAndroid (109)
[2018.10.18-06.16.31:489][400]LogModuleManager: Shutting down and abandoning module AudioFormatOpus (107)
[2018.10.18-06.16.31:489][400]LogModuleManager: Shutting down and abandoning module AudioFormatOgg (105)
[2018.10.18-06.16.31:489][400]LogModuleManager: Shutting down and abandoning module AudioFormatADPCM (103)
[2018.10.18-06.16.31:489][400]LogModuleManager: Shutting down and abandoning module LinuxTargetPlatform (101)
[2018.10.18-06.16.31:489][400]LogModuleManager: Shutting down and abandoning module LinuxServerTargetPlatform (99)
[2018.10.18-06.16.31:489][400]LogModuleManager: Shutting down and abandoning module LinuxNoEditorTargetPlatform (97)
[2018.10.18-06.16.31:489][400]LogModuleManager: Shutting down and abandoning module LinuxClientTargetPlatform (95)
[2018.10.18-06.16.31:489][400]LogModuleManager: Shutting down and abandoning module TVOSTargetPlatform (93)
[2018.10.18-06.16.31:489][400]LogModuleManager: Shutting down and abandoning module Messaging (91)
[2018.10.18-06.16.31:489][400]LogModuleManager: Shutting down and abandoning module IOSTargetPlatform (89)
[2018.10.18-06.16.31:489][400]LogModuleManager: Shutting down and abandoning module HTML5TargetPlatform (87)
[2018.10.18-06.16.31:489][400]LogModuleManager: Shutting down and abandoning module Android_PVRTCTargetPlatform (85)
[2018.10.18-06.16.31:489][400]LogModuleManager: Shutting down and abandoning module Android_MultiTargetPlatform (83)
[2018.10.18-06.16.31:489][400]LogModuleManager: Shutting down and abandoning module Android_ETC2TargetPlatform (81)
[2018.10.18-06.16.31:489][400]LogModuleManager: Shutting down and abandoning module Android_ETC1TargetPlatform (79)
[2018.10.18-06.16.31:489][400]LogModuleManager: Shutting down and abandoning module Android_DXTTargetPlatform (77)
[2018.10.18-06.16.31:489][400]LogModuleManager: Shutting down and abandoning module Android_ATCTargetPlatform (75)
[2018.10.18-06.16.31:489][400]LogModuleManager: Shutting down and abandoning module Android_ASTCTargetPlatform (73)
[2018.10.18-06.16.31:489][400]LogModuleManager: Shutting down and abandoning module AndroidTargetPlatform (71)
[2018.10.18-06.16.31:489][400]LogModuleManager: Shutting down and abandoning module WindowsTargetPlatform (69)
[2018.10.18-06.16.31:489][400]LogModuleManager: Shutting down and abandoning module WindowsServerTargetPlatform (67)
[2018.10.18-06.16.31:489][400]LogModuleManager: Shutting down and abandoning module WindowsNoEditorTargetPlatform (65)
[2018.10.18-06.16.31:489][400]LogModuleManager: Shutting down and abandoning module WindowsClientTargetPlatform (63)
[2018.10.18-06.16.31:489][400]LogModuleManager: Shutting down and abandoning module MacTargetPlatform (61)
[2018.10.18-06.16.31:489][400]LogModuleManager: Shutting down and abandoning module MacServerTargetPlatform (59)
[2018.10.18-06.16.31:489][400]LogModuleManager: Shutting down and abandoning module MacNoEditorTargetPlatform (57)
[2018.10.18-06.16.31:489][400]LogModuleManager: Shutting down and abandoning module MacClientTargetPlatform (55)
[2018.10.18-06.16.31:489][400]LogModuleManager: Shutting down and abandoning module AllDesktopTargetPlatform (53)
[2018.10.18-06.16.31:489][400]LogModuleManager: Shutting down and abandoning module InputCore (50)
[2018.10.18-06.16.31:489][400]LogModuleManager: Shutting down and abandoning module Settings (48)
[2018.10.18-06.16.31:489][400]LogModuleManager: Shutting down and abandoning module OculusRift (46)
[2018.10.18-06.16.31:489][400]LogModuleManager: Shutting down and abandoning module ExampleDeviceProfileSelector (44)
[2018.10.18-06.16.31:489][400]LogModuleManager: Shutting down and abandoning module OnlineBlueprintSupport (42)
[2018.10.18-06.16.31:489][400]LogModuleManager: Shutting down and abandoning module OnlineSubsystem (38)
[2018.10.18-06.16.31:489][400]LogOnline:Display: Unloading online subsystem: NULL
[2018.10.18-06.16.31:489][400]LogModuleManager: Shutting down and abandoning module XMPP (37)
[2018.10.18-06.16.31:489][400]LogModuleManager: Shutting down and abandoning module HTTP (35)
[2018.10.18-06.16.31:489][400]LogHttp:Display: Http module shutting down, but needs to wait on 1 outstanding Http requests:
[2018.10.18-06.16.31:490][400]LogHttp:Display: 	verb=[POST] url=[https://datarouter.ol.epicgames.com/datarouter/api/v1/public/data?SessionID=%7BD8D8D817-4F6E-F893-4A3A-F490AB1412D2%7D&AppID=UEEditor.Rocket.Release&AppVersion=4.15.0-3299760%2B%2B%2BUE4%2BRelease-4.15&UserID=873848814e4dcd5aeb97308f6240c768%7C34471470f4c04c769624843e985e36b0%7C57173a9d-a02f-4936-b20e-c0cabf9947a6&AppEnvironment=datacollector-binary&UploadType=eteventstream] status=Processing
[2018.10.18-06.16.31:499][400]LogModuleManager: Shutting down and abandoning module SSL (34)
[2018.10.18-06.16.31:500][400]LogModuleManager: Shutting down and abandoning module AudioEditor (30)
[2018.10.18-06.16.31:500][400]LogModuleManager: Shutting down and abandoning module TextureCompressor (28)
[2018.10.18-06.16.31:501][400]LogModuleManager: Shutting down and abandoning module ShaderCore (26)
[2018.10.18-06.16.31:501][400]LogModuleManager: Shutting down and abandoning module Landscape (24)
[2018.10.18-06.16.31:501][400]LogModuleManager: Shutting down and abandoning module SlateRHIRenderer (22)
[2018.10.18-06.16.31:501][400]LogModuleManager: Shutting down and abandoning module OpenGLDrv (20)
[2018.10.18-06.16.31:501][400]LogModuleManager: Shutting down and abandoning module D3D11RHI (18)
[2018.10.18-06.16.31:501][400]LogModuleManager: Shutting down and abandoning module AnimGraphRuntime (16)
[2018.10.18-06.16.31:501][400]LogModuleManager: Shutting down and abandoning module Renderer (14)
[2018.10.18-06.16.31:501][400]LogModuleManager: Shutting down and abandoning module Engine (12)
[2018.10.18-06.16.31:501][400]LogModuleManager: Shutting down and abandoning module CoreUObject (10)
[2018.10.18-06.16.31:501][400]LogModuleManager: Shutting down and abandoning module NetworkFile (8)
[2018.10.18-06.16.31:501][400]LogModuleManager: Shutting down and abandoning module StreamingFile (6)
[2018.10.18-06.16.31:501][400]LogModuleManager: Shutting down and abandoning module SandboxFile (4)
[2018.10.18-06.16.31:501][400]LogModuleManager: Shutting down and abandoning module PakFile (2)
[2018.10.18-06.16.31:503][400]LogExit: Exiting.
[2018.10.18-06.16.31:505][400]Log file closed, 10/18/18 14:16:31
