Log file open, 10/19/18 22:28:39
LogWindows: Failed to load 'aqProf.dll' (GetLastError=126)
LogWindows: File 'aqProf.dll' does not exist
LogWindows: Failed to load 'VSPerf140.dll' (GetLastError=126)
LogWindows: File 'VSPerf140.dll' does not exist
LogWindows: Failed to load 'VtuneApi.dll' (GetLastError=126)
LogWindows: File 'VtuneApi.dll' does not exist
LogWindows: Failed to load 'VtuneApi32e.dll' (GetLastError=126)
LogWindows: File 'VtuneApi32e.dll' does not exist
LogInit: Display: Running engine for game: MyProject
LogPlatformFile: Not using cached read wrapper
LogTaskGraph: Started task graph with 5 named threads and 14 total threads with 3 sets of task threads.
LogStats: Stats thread started at 0.175432
LogD3D11RHI: Loaded GFSDK_Aftermath_Lib.x64.dll
LogICUInternationalization: Display: ICU TimeZone Detection - Raw Offset: +8:00, Platform Override: ''
LogPluginManager: Mounting plugin Paper2D
LogPluginManager: Mounting plugin AISupport
LogPluginManager: Mounting plugin LightPropagationVolume
LogPluginManager: Mounting plugin CLionSourceCodeAccess
LogPluginManager: Mounting plugin CodeLiteSourceCodeAccess
LogPluginManager: Mounting plugin GitSourceControl
LogPluginManager: Mounting plugin KDevelopSourceCodeAccess
LogPluginManager: Mounting plugin NullSourceCodeAccess
LogPluginManager: Mounting plugin PerforceSourceControl
LogPluginManager: Mounting plugin SubversionSourceControl
LogPluginManager: Mounting plugin UObjectPlugin
LogPluginManager: Mounting plugin VisualStudioCodeSourceCodeAccess
LogPluginManager: Mounting plugin VisualStudioSourceCodeAccess
LogPluginManager: Mounting plugin XCodeSourceCodeAccess
LogPluginManager: Mounting plugin AssetManagerEditor
LogPluginManager: Mounting plugin CryptoKeys
LogPluginManager: Mounting plugin DataValidation
LogPluginManager: Mounting plugin FacialAnimation
LogPluginManager: Mounting plugin GameplayTagsEditor
LogPluginManager: Mounting plugin MacGraphicsSwitching
LogPluginManager: Mounting plugin MeshEditor
LogPluginManager: Mounting plugin MobileLauncherProfileWizard
LogPluginManager: Mounting plugin PluginBrowser
LogPluginManager: Mounting plugin SpeedTreeImporter
LogPluginManager: Mounting plugin DatasmithContent
LogPluginManager: Mounting plugin AlembicImporter
LogPluginManager: Mounting plugin AppleImageUtils
LogPluginManager: Mounting plugin AppleVision
LogPluginManager: Mounting plugin BackChannel
LogPluginManager: Mounting plugin CharacterAI
LogPluginManager: Mounting plugin GeometryCache
LogPluginManager: Mounting plugin HTML5Networking
LogPluginManager: Mounting plugin ProxyLODPlugin
LogPluginManager: Mounting plugin MagicLeap
LogPluginManager: Mounting plugin MagicLeapEmulator
LogPluginManager: Mounting plugin MagicLeapMedia
LogPluginManager: Mounting plugin AndroidMedia
LogPluginManager: Mounting plugin AvfMedia
LogPluginManager: Mounting plugin ImgMedia
LogPluginManager: Mounting plugin LinearTimecode
LogPluginManager: Mounting plugin MediaCompositing
LogPluginManager: Mounting plugin MediaPlayerEditor
LogPluginManager: Mounting plugin WmfMedia
LogPluginManager: Mounting plugin TcpMessaging
LogPluginManager: Mounting plugin UdpMessaging
LogPluginManager: Mounting plugin ActorSequence
LogPluginManager: Mounting plugin LevelSequenceEditor
LogPluginManager: Mounting plugin MatineeToLevelSequence
LogPluginManager: Mounting plugin NetcodeUnitTest
LogPluginManager: Mounting plugin NUTUnrealEngine4
LogPluginManager: Mounting plugin OnlineSubsystemGooglePlay
LogPluginManager: Mounting plugin OnlineSubsystemIOS
LogPluginManager: Mounting plugin OnlineSubsystem
LogPluginManager: Mounting plugin OnlineSubsystemNull
LogPluginManager: Mounting plugin OnlineSubsystemUtils
LogPluginManager: Mounting plugin LauncherChunkInstaller
LogPluginManager: Mounting plugin AndroidDeviceProfileSelector
LogPluginManager: Mounting plugin AndroidMoviePlayer
LogPluginManager: Mounting plugin AndroidPermission
LogPluginManager: Mounting plugin AppleMoviePlayer
LogPluginManager: Mounting plugin ArchVisCharacter
LogPluginManager: Mounting plugin AudioCapture
LogPluginManager: Mounting plugin CableComponent
LogPluginManager: Mounting plugin CustomMeshComponent
LogPluginManager: Mounting plugin EditableMesh
LogPluginManager: Mounting plugin ExampleDeviceProfileSelector
LogPluginManager: Mounting plugin GoogleCloudMessaging
LogPluginManager: Mounting plugin ImmediatePhysics
LogPluginManager: Mounting plugin IOSDeviceProfileSelector
LogPluginManager: Mounting plugin LinuxDeviceProfileSelector
LogPluginManager: Mounting plugin LocationServicesBPLibrary
LogPluginManager: Mounting plugin MobilePatchingUtils
LogPluginManager: Mounting plugin OculusVR
LogPluginManager: Plugin shader directory ../../../Engine/Plugins/Runtime/Oculus/OculusVR/Shaders found
LogPluginManager: Mapping shader source directory ../../../Engine/Plugins/Runtime/Oculus/OculusVR/Shaders to virtual directory /Plugin/OculusVR
LogPluginManager: Mounting plugin PhysXVehicles
LogPluginManager: Mounting plugin ProceduralMeshComponent
LogPluginManager: Mounting plugin RuntimePhysXCooking
LogPluginManager: Mounting plugin SteamVR
LogPluginManager: Mounting plugin WindowsMoviePlayer
LogStreaming: Display: Took  0.075s to configure plugins.
LogInit: Using libcurl 7.55.1-DEV
LogInit:  - built for x86_64-pc-win32
LogInit:  - supports SSL with OpenSSL/1.0.2h
LogInit:  - supports HTTP deflate (compression) using libz 1.2.8
LogInit:  - other features:
LogInit:      CURL_VERSION_SSL
LogInit:      CURL_VERSION_LIBZ
LogInit:      CURL_VERSION_IPV6
LogInit:      CURL_VERSION_ASYNCHDNS
LogInit:      CURL_VERSION_LARGEFILE
LogInit:      CURL_VERSION_IDN
LogInit:  CurlRequestOptions (configurable via config and command line):
LogInit:  - bVerifyPeer = false  - Libcurl will NOT verify peer certificate
LogInit:  - bUseHttpProxy = true  - Libcurl will use HTTP proxy
LogInit:  - HttpProxyAddress = '127.0.0.1:1080'
LogInit:  - bDontReuseConnections = false  - Libcurl will reuse connections
LogInit:  - CertBundlePath = nullptr  - Libcurl will use whatever was configured at build time.
LogInit:  - MaxHostConnections = 16  - Libcurl will limit the number of connections to a host
LogInit:  - LocalHostAddr = Default
LogInit:  - BufferSize = 65536
LogInit: WinSock: version 1.1 (2.2), MaxSocks=32767, MaxUdp=65467
LogInit: Build: ++UE4+Release-4.20-CL-4369336
LogInit: Engine Version: 4.20.3-4369336+++UE4+Release-4.20
LogInit: Compatible Engine Version: 4.20.0-4212847+++UE4+Release-4.20
LogInit: Net CL: 4212847
LogInit: OS: Windows 10 (), CPU: Intel(R) Core(TM) i5-4590 CPU @ 3.30GHz, GPU: NVIDIA GeForce GTX 960
LogInit: Compiled (64-bit): Sep 17 2018 12:26:19
LogInit: Compiled with Visual C++: 19.13.26129.00
LogInit: Build Configuration: Development
LogInit: Branch Name: ++UE4+Release-4.20
LogInit: Command Line: 
LogInit: Base Directory: F:/Epic Games/UE_4.20/Engine/Binaries/Win64/
LogInit: Installed Engine Build: 1
LogDevObjectVersion: Number of dev versions registered: 20
LogDevObjectVersion:   Dev-Blueprints (B0D832E4-1F89-4F0D-ACCF-7EB736FD4AA2): 10
LogDevObjectVersion:   Dev-Build (E1C64328-A22C-4D53-A36C-8E866417BD8C): 0
LogDevObjectVersion:   Dev-Core (375EC13C-06E4-48FB-B500-84F0262A717E): 2
LogDevObjectVersion:   Dev-Editor (E4B068ED-F494-42E9-A231-DA0B2E46BB41): 24
LogDevObjectVersion:   Dev-Framework (CFFC743F-43B0-4480-9391-14DF171D2073): 34
LogDevObjectVersion:   Dev-Mobile (B02B49B5-BB20-44E9-A304-32B752E40360): 2
LogDevObjectVersion:   Dev-Networking (A4E4105C-59A1-49B5-A7C5-40C4547EDFEE): 0
LogDevObjectVersion:   Dev-Online (39C831C9-5AE6-47DC-9A44-9C173E1C8E7C): 0
LogDevObjectVersion:   Dev-Physics (78F01B33-EBEA-4F98-B9B4-84EACCB95AA2): 0
LogDevObjectVersion:   Dev-Platform (6631380F-2D4D-43E0-8009-CF276956A95A): 0
LogDevObjectVersion:   Dev-Rendering (12F88B9F-8875-4AFC-A67C-D90C383ABD29): 26
LogDevObjectVersion:   Dev-Sequencer (7B5AE74C-D270-4C10-A958-57980B212A5A): 9
LogDevObjectVersion:   Dev-VR (D7296918-1DD6-4BDD-9DE2-64A83CC13884): 2
LogDevObjectVersion:   Dev-LoadTimes (C2A15278-BFE7-4AFE-6C17-90FF531DF755): 1
LogDevObjectVersion:   Private-Geometry (6EACA3D4-40EC-4CC1-B786-8BED09428FC5): 3
LogDevObjectVersion:   Dev-AnimPhys (29E575DD-E0A3-4627-9D10-D276232CDCEA): 17
LogDevObjectVersion:   Dev-ReflectionCapture (6B266CEC-1EC7-4B8F-A30B-E4D90942FC07): 1
LogDevObjectVersion:   Dev-Automation (0DF73D61-A23F-47EA-B727-89E90C41499A): 1
LogDevObjectVersion:   FortniteMain (601D1886-AC64-4F84-AA16-D3DE0DEAC7D6): 12
LogDevObjectVersion:   Dev-Enterprise (9DFFBCD6-494F-0158-E221-12823C92A888): 1
LogStreaming: Display: Took  0.000s to delete old logs.
LogInit: Presizing for max 8388607 objects, including 0 objects not considered by GC, pre-allocating 0 bytes for permanent pool.
LogInit: Object subsystem initialized
[2018.10.19-14.28.39:905][  0]LogInit: Selected Device Profile: [Windows]
[2018.10.19-14.28.39:905][  0]LogInit: Applying CVar settings loaded from the selected device profile: [Windows]
[2018.10.19-14.28.39:913][  0]LogHAL: Display: Platform has ~ 12 GB [12819771392 / 17179869184 / 12], which maps to Larger [LargestMinGB=32, LargerMinGB=12, DefaultMinGB=8, SmallerMinGB=6, SmallestMinGB=0)
[2018.10.19-14.28.39:913][  0]LogInit: Setting Device Profile CVar: [[r.Vulkan.UseRealUBs:1]]
[2018.10.19-14.28.39:913][  0]LogInit: Going up to parent DeviceProfile []
[2018.10.19-14.28.39:913][  0]LogInit: Computer: DESKTOP-VA776L1
[2018.10.19-14.28.39:913][  0]LogInit: User: jinm
[2018.10.19-14.28.39:913][  0]LogInit: CPU Page size=4096, Cores=4
[2018.10.19-14.28.39:913][  0]LogInit: High frequency timer resolution =3.222654 MHz
[2018.10.19-14.28.39:914][  0]LogMemory: Memory total: Physical=11.9GB (12GB approx)
[2018.10.19-14.28.39:914][  0]LogMemory: Platform Memory Stats for Windows
[2018.10.19-14.28.39:914][  0]LogMemory: Process Physical Memory: 99.85 MB used, 99.85 MB peak
[2018.10.19-14.28.39:914][  0]LogMemory: Process Virtual Memory: 90.64 MB used, 90.64 MB peak
[2018.10.19-14.28.39:914][  0]LogMemory: Physical Memory: 4269.02 MB used,  7956.87 MB free, 12225.89 MB total
[2018.10.19-14.28.39:914][  0]LogMemory: Virtual Memory: 529.40 MB used,  7956.87 MB free, 134217728.00 MB total
[2018.10.19-14.28.39:931][  0]LogInit: Using OS detected language (zh-CN).
[2018.10.19-14.28.39:931][  0]LogInit: Using OS detected locale (zh-CN).
[2018.10.19-14.28.40:329][  0]LogStreaming: Display: Took  0.398s to InitEngineTextLocalization.
[2018.10.19-14.28.40:329][  0]LogInit: Setting process to per monitor DPI aware
[2018.10.19-14.28.40:349][  0]LogSlate: New Slate User Created.  User Index 0, Is Virtual User: 0
[2018.10.19-14.28.40:350][  0]LogSlate: Slate User Registered.  User Index 0, Is Virtual User: 0
[2018.10.19-14.28.40:508][  0]LogHMD: Failed to initialize OpenVR with code 105
[2018.10.19-14.28.40:508][  0]LogD3D11RHI: D3D11 adapters:
[2018.10.19-14.28.40:554][  0]LogD3D11RHI:    0. 'NVIDIA GeForce GTX 960' (Feature Level 11_0)
[2018.10.19-14.28.40:554][  0]LogD3D11RHI:       4062/0/6112 MB DedicatedVideo/DedicatedSystem/SharedSystem, Outputs:1, VendorId:0x10de
[2018.10.19-14.28.40:557][  0]LogD3D11RHI:    1. 'Microsoft Basic Render Driver' (Feature Level 11_0)
[2018.10.19-14.28.40:557][  0]LogD3D11RHI:       0/0/6112 MB DedicatedVideo/DedicatedSystem/SharedSystem, Outputs:0, VendorId:0x1414
[2018.10.19-14.28.40:557][  0]LogD3D11RHI: Chosen D3D11 Adapter: 0
[2018.10.19-14.28.40:563][  0]LogD3D11RHI: Creating new Direct3DDevice
[2018.10.19-14.28.40:563][  0]LogD3D11RHI:     GPU DeviceId: 0x1401 (for the marketing name, search the web for "GPU Device Id")
[2018.10.19-14.28.40:563][  0]LogWindows: EnumDisplayDevices:
[2018.10.19-14.28.40:563][  0]LogWindows:    0. 'NVIDIA GeForce GTX 960' (P:1 D:1)
[2018.10.19-14.28.40:564][  0]LogWindows:    1. 'NVIDIA GeForce GTX 960' (P:0 D:0)
[2018.10.19-14.28.40:564][  0]LogWindows:    2. 'NVIDIA GeForce GTX 960' (P:0 D:0)
[2018.10.19-14.28.40:564][  0]LogWindows:    3. 'NVIDIA GeForce GTX 960' (P:0 D:0)
[2018.10.19-14.28.40:564][  0]LogWindows: DebugString: FoundDriverCount:4 
[2018.10.19-14.28.40:564][  0]LogD3D11RHI:     Adapter Name: NVIDIA GeForce GTX 960
[2018.10.19-14.28.40:564][  0]LogD3D11RHI:   Driver Version: 388.13 (internal:23.21.13.8813, unified:388.13)
[2018.10.19-14.28.40:564][  0]LogD3D11RHI:      Driver Date: 10-27-2017
[2018.10.19-14.28.40:564][  0]LogRHI: Texture pool is 2843 MB (70% of 4062 MB)
[2018.10.19-14.28.40:591][  0]LogD3D11RHI: Async texture creation enabled
[2018.10.19-14.28.40:603][  0]LogD3D11RHI: GPU Timing Frequency: 1000.000000 (Debug: 2 1)
[2018.10.19-14.28.40:651][  0]LogShaderCompilers: Guid format shader working directory is 21 characters bigger than the processId version (D:/development/MyProject/Intermediate/Shaders/WorkingDirectory/12748/).
[2018.10.19-14.28.40:651][  0]LogShaderCompilers: Cleaned the shader compiler working directory 'C:/Users/jin_m/AppData/Local/Temp/UnrealShaderWorkingDir/EE6661044F2967E90A383D95C56F1C8E/'.
[2018.10.19-14.28.42:968][  0]LogTemp: Display: Loaded TP AllDesktopTargetPlatform
[2018.10.19-14.28.42:982][  0]LogTemp: Display: Loaded TP MacClientTargetPlatform
[2018.10.19-14.28.42:996][  0]LogTemp: Display: Loaded TP MacNoEditorTargetPlatform
[2018.10.19-14.28.43:012][  0]LogTemp: Display: Loaded TP MacServerTargetPlatform
[2018.10.19-14.28.43:026][  0]LogTemp: Display: Loaded TP MacTargetPlatform
[2018.10.19-14.28.43:039][  0]LogTemp: Display: Loaded TP WindowsClientTargetPlatform
[2018.10.19-14.28.43:052][  0]LogTemp: Display: Loaded TP WindowsNoEditorTargetPlatform
[2018.10.19-14.28.43:065][  0]LogTemp: Display: Loaded TP WindowsServerTargetPlatform
[2018.10.19-14.28.43:071][  0]LogTemp: Display: Loaded TP WindowsTargetPlatform
[2018.10.19-14.28.43:145][  0]LogTemp: Display: Loaded TP AndroidTargetPlatform
[2018.10.19-14.28.43:145][  0]LogTemp: Display: Loaded TP AndroidTargetPlatform
[2018.10.19-14.28.43:145][  0]LogTemp: Display: Loaded TP AndroidTargetPlatform
[2018.10.19-14.28.43:145][  0]LogTemp: Display: Loaded TP AndroidTargetPlatform
[2018.10.19-14.28.43:145][  0]LogTemp: Display: Loaded TP AndroidTargetPlatform
[2018.10.19-14.28.43:145][  0]LogTemp: Display: Loaded TP AndroidTargetPlatform
[2018.10.19-14.28.43:145][  0]LogTemp: Display: Loaded TP AndroidTargetPlatform
[2018.10.19-14.28.43:145][  0]LogTemp: Display: Loaded TP AndroidTargetPlatform
[2018.10.19-14.28.43:145][  0]LogTemp: Display: Loaded TP AndroidTargetPlatform
[2018.10.19-14.28.43:145][  0]LogTemp: Display: Loaded TP AndroidTargetPlatform
[2018.10.19-14.28.43:145][  0]LogTemp: Display: Loaded TP AndroidTargetPlatform
[2018.10.19-14.28.43:145][  0]LogTemp: Display: Loaded TP AndroidTargetPlatform
[2018.10.19-14.28.43:145][  0]LogTemp: Display: Loaded TP AndroidTargetPlatform
[2018.10.19-14.28.43:145][  0]LogTemp: Display: Loaded TP AndroidTargetPlatform
[2018.10.19-14.28.43:145][  0]LogTemp: Display: Loaded TP AndroidTargetPlatform
[2018.10.19-14.28.43:145][  0]LogTemp: Display: Loaded TP AndroidTargetPlatform
[2018.10.19-14.28.43:145][  0]LogTemp: Display: Loaded TP AndroidTargetPlatform
[2018.10.19-14.28.43:145][  0]LogTemp: Display: Loaded TP AndroidTargetPlatform
[2018.10.19-14.28.43:146][  0]LogTemp: Display: Loaded TP HTML5TargetPlatform
[2018.10.19-14.28.43:205][  0]LogTemp: Display: Loaded TP IOSTargetPlatform
[2018.10.19-14.28.43:205][  0]LogTemp: Display: Loaded TP IOSTargetPlatform
[2018.10.19-14.28.43:229][  0]LogTemp: Display: Loaded TP TVOSTargetPlatform
[2018.10.19-14.28.43:229][  0]LogTemp: Display: Loaded TP TVOSTargetPlatform
[2018.10.19-14.28.43:241][  0]LogTemp: Display: Loaded TP LinuxClientTargetPlatform
[2018.10.19-14.28.43:254][  0]LogTemp: Display: Loaded TP LinuxNoEditorTargetPlatform
[2018.10.19-14.28.43:266][  0]LogTemp: Display: Loaded TP LinuxServerTargetPlatform
[2018.10.19-14.28.43:279][  0]LogTemp: Display: Loaded TP LinuxTargetPlatform
[2018.10.19-14.28.43:288][  0]LogTemp: Display: Loaded TP LuminTargetPlatform
[2018.10.19-14.28.43:288][  0]LogTargetPlatformManager: Display: Building Assets For Windows
[2018.10.19-14.28.43:336][  0]LogXGEController: Cannot use XGE Controller as Incredibuild is not installed on this machine.
[2018.10.19-14.28.43:336][  0]LogShaderCompilers: Cannot use XGE Shader Compiler as Incredibuild is not installed on this machine.
[2018.10.19-14.28.43:336][  0]LogShaderCompilers: Display: Using Local Shader Compiler.
[2018.10.19-14.28.44:026][  0]LogDerivedDataCache: Display: Max Cache Size: 512 MB
[2018.10.19-14.28.44:083][  0]LogDerivedDataCache: Loaded boot cache 0.06s 71MB C:/Users/jin_m/AppData/Local/UnrealEngine/4.20/DerivedDataCache/Boot.ddc.
[2018.10.19-14.28.44:084][  0]LogDerivedDataCache: Display: Loaded Boot cache: C:/Users/jin_m/AppData/Local/UnrealEngine/4.20/DerivedDataCache/Boot.ddc
[2018.10.19-14.28.44:084][  0]LogDerivedDataCache: FDerivedDataBackendGraph:  Pak pak cache file D:/development/MyProject/DerivedDataCache/DDC.ddp not found, will not use a pak cache.
[2018.10.19-14.28.44:084][  0]LogDerivedDataCache: Unable to find inner node Pak for hierarchical cache Hierarchy.
[2018.10.19-14.28.44:084][  0]LogDerivedDataCache: FDerivedDataBackendGraph:  CompressedPak pak cache file D:/development/MyProject/DerivedDataCache/Compressed.ddp not found, will not use a pak cache.
[2018.10.19-14.28.44:084][  0]LogDerivedDataCache: Unable to find inner node CompressedPak for hierarchical cache Hierarchy.
[2018.10.19-14.28.44:099][  0]LogDerivedDataCache: Display: Pak cache opened for reading ../../../Engine/DerivedDataCache/Compressed.ddp.
[2018.10.19-14.28.44:111][  0]LogDerivedDataCache: Using Local data cache path C:/Users/jin_m/AppData/Local/UnrealEngine/Common/DerivedDataCache: Writable
[2018.10.19-14.28.44:111][  0]LogDerivedDataCache: Shared data cache path not found in *engine.ini, will not use an Shared cache.
[2018.10.19-14.28.44:111][  0]LogDerivedDataCache: Unable to find inner node Shared for hierarchical cache Hierarchy.
[2018.10.19-14.28.44:131][  0]LogMaterial: Verifying Global Shaders for PCD3D_SM5
[2018.10.19-14.28.44:132][  0]LogSlate: Using FreeType 2.6.0
[2018.10.19-14.28.44:133][  0]LogSlate: SlateFontServices - WITH_FREETYPE: 1, WITH_HARFBUZZ: 1
[2018.10.19-14.28.44:205][  0]LogAssetRegistry: FAssetRegistry took 0.0253 seconds to start up
[2018.10.19-14.28.44:539][  0]LogInit: Selected Device Profile: [Windows]
[2018.10.19-14.28.44:678][  0]LogSimplygon: Simplygon DLL not present - disabling.
[2018.10.19-14.28.44:681][  0]LogMeshReduction: Using SimplygonSwarm for distributed automatic mesh merging
[2018.10.19-14.28.44:681][  0]LogMeshReduction: Using ProxyLODMeshReduction for automatic mesh merging
[2018.10.19-14.28.44:681][  0]LogMeshReduction: Using QuadricMeshReduction for automatic static mesh reduction
[2018.10.19-14.28.44:681][  0]LogMeshReduction: No automatic skeletal mesh reduction module available
[2018.10.19-14.28.44:694][  0]LogNetVersion: MyProject 1.0.0, NetCL: 4212847, EngineNetVer: 5, GameNetVer: 0 (Checksum: 1110078900)
[2018.10.19-14.28.45:248][  0]LogPackageLocalizationCache: Processed 11 localized package path(s) for 4 prioritized culture(s) in 0.156551 seconds
[2018.10.19-14.28.45:255][  0]LogUObjectArray: 38425 objects as part of root set at end of initial load.
[2018.10.19-14.28.45:255][  0]LogUObjectAllocator: 6690872 out of 0 bytes used by permanent object pool.
[2018.10.19-14.28.45:255][  0]LogUObjectArray: CloseDisregardForGC: 0/0 objects in disregard for GC pool
[2018.10.19-14.28.46:023][  0]LogTcpMessaging: Initializing TcpMessaging bridge
[2018.10.19-14.28.46:036][  0]LogUdpMessaging: Initializing bridge on interface 0.0.0.0:0 to multicast group 230.0.0.1:6666.
[2018.10.19-14.28.46:171][  0]SourceControl: 源码管理已禁用
[2018.10.19-14.28.46:794][  0]LogAndroidPermission: UAndroidPermissionCallbackProxy::GetInstance
[2018.10.19-14.28.46:880][  0]LogOcInput: OculusInput pre-init called
[2018.10.19-14.28.46:938][  0]LogEngine: Initializing Engine...
[2018.10.19-14.28.46:941][  0]LogHMD: Failed to initialize OpenVR with code 105
[2018.10.19-14.28.46:942][  0]LogStats: UGameplayTagsManager::ConstructGameplayTagTree: ImportINI prefixes -  0.000 s
[2018.10.19-14.28.46:942][  0]LogStats: UGameplayTagsManager::ConstructGameplayTagTree: Construct from data asset -  0.000 s
[2018.10.19-14.28.46:942][  0]LogStats: UGameplayTagsManager::ConstructGameplayTagTree: ImportINI -  0.000 s
[2018.10.19-14.28.46:942][  0]LogStats: UGameplayTagsManager::ConstructGameplayTagTree: GameplayTagTreeChangedEvent.Broadcast -  0.000 s
[2018.10.19-14.28.47:153][  0]LogInit: Initializing FReadOnlyCVARCache
[2018.10.19-14.28.47:165][  0]LogAIModule: Creating AISystem for world Untitled
[2018.10.19-14.28.47:195][  0]LogInit: XAudio2 using 'C27F390-0 (2- NVIDIA High Definition Audio)' : 2 channels at 48 kHz using 16 bits per sample (channel mask 0x3)
[2018.10.19-14.28.47:206][  0]LogInit: FAudioDevice initialized.
[2018.10.19-14.28.47:206][  0]LogNetVersion: Set ProjectVersion to 1.0.0.0. Version Checksum will be recalculated on next use.
[2018.10.19-14.28.47:292][  0]LogDerivedDataCache: Saved boot cache 0.09s 71MB C:/Users/jin_m/AppData/Local/UnrealEngine/4.20/DerivedDataCache/Boot.ddc.
[2018.10.19-14.28.47:294][  0]LogInit: Texture streaming: Enabled
[2018.10.19-14.28.47:313][  0]LogEngineSessionManager: EngineSessionManager initialized
[2018.10.19-14.28.47:324][  0]LogInit: Transaction tracking system initialized
[2018.10.19-14.28.47:342][  0]BlueprintLog: New page: 编辑器加载
[2018.10.19-14.28.47:403][  0]LocalizationService: 本地化服务已禁用
[2018.10.19-14.28.47:616][  0]LogCook: Display: Max memory allowance for cook 16384mb min free memory 0mb
[2018.10.19-14.28.47:616][  0]LogCook: Display: Mobile HDR setting 1
[2018.10.19-14.28.47:616][  0]LogGameplayTags: Display: UGameplayTagsManager::DoneAddingNativeTags. DelegateIsBound: 0
[2018.10.19-14.28.47:616][  0]LogStats: UGameplayTagsManager::ConstructGameplayTagTree: ImportINI prefixes -  0.000 s
[2018.10.19-14.28.47:616][  0]LogStats: UGameplayTagsManager::ConstructGameplayTagTree: Construct from data asset -  0.000 s
[2018.10.19-14.28.47:617][  0]LogStats: UGameplayTagsManager::ConstructGameplayTagTree: ImportINI -  0.000 s
[2018.10.19-14.28.47:617][  0]LogStats: UGameplayTagsManager::ConstructGameplayTagTree: GameplayTagTreeChangedEvent.Broadcast -  0.000 s
[2018.10.19-14.28.47:718][  0]LogFileCache: Scanning file cache for directory 'D:/development/MyProject/Content/' took 0.01s
[2018.10.19-14.28.47:718][  0]Cmd: MAP LOAD FILE="D:/development/MyProject/Content/SideScrollerBP/Maps/SideScrollerExampleMap.umap" TEMPLATE=0 SHOWPROGRESS=1 FEATURELEVEL=3
[2018.10.19-14.28.47:719][  0]LightingResults: New page: 光照构建
[2018.10.19-14.28.47:721][  0]MapCheck: New page: 地图检测
[2018.10.19-14.28.47:721][  0]LightingResults: New page: 光照构建
[2018.10.19-14.28.48:151][  0]LogAIModule: Creating AISystem for world SideScrollerExampleMap
[2018.10.19-14.28.48:166][  0]LogEditorServer: Finished looking for orphan Actors (0.000 secs)
[2018.10.19-14.28.48:191][  0]Cmd: MAP CHECKDEP NOCLEARLOG
[2018.10.19-14.28.48:241][  0]MapCheck: 地图检测完成：0个错误，0 个警告，用时49.175毫秒完成。
[2018.10.19-14.28.48:241][  0]LogFileHelpers: Loading map 'SideScrollerExampleMap' took 0.522
[2018.10.19-14.28.48:315][  0]LogWindowsTextInputMethodSystem: Display: IME system now activated using TSF (搜狗拼音输入法).
[2018.10.19-14.28.48:346][  0]LogSlate: Updating window title bar state: overlay mode, drag disabled, window buttons hidden, title bar hidden
[2018.10.19-14.28.48:355][  0]LogSlate: Updating window title bar state: overlay mode, drag disabled, window buttons hidden, title bar hidden
[2018.10.19-14.28.48:363][  0]LogSlate: Updating window title bar state: overlay mode, drag disabled, window buttons hidden, title bar hidden
[2018.10.19-14.28.48:372][  0]LogSlate: Updating window title bar state: overlay mode, drag disabled, window buttons hidden, title bar hidden
[2018.10.19-14.28.48:377][  0]LogCollectionManager: Loaded 0 collections in 0.001231 seconds
[2018.10.19-14.28.48:416][  0]LogFileCache: Scanning file cache for directory 'D:/development/MyProject/Saved/Collections/' took 0.01s
[2018.10.19-14.28.48:416][  0]LogFileCache: Scanning file cache for directory 'D:/development/MyProject/Content/Developers/jinm/Collections/' took 0.01s
[2018.10.19-14.28.48:416][  0]LogFileCache: Scanning file cache for directory 'D:/development/MyProject/Content/Collections/' took 0.01s
[2018.10.19-14.28.48:416][  0]LogCollectionManager: Rebuilt the GUID cache for 0 collections in 0.000000 seconds
[2018.10.19-14.28.48:426][  0]LogContentBrowser: Native class hierarchy populated in 0.0098 seconds. Added 2572 classes and 603 folders.
[2018.10.19-14.28.48:432][  0]LogContentBrowser: Native class hierarchy updated for 'WidgetCarousel' in 0.0003 seconds. Added 0 classes and 0 folders.
[2018.10.19-14.28.48:466][  0]LogContentBrowser: Native class hierarchy updated for 'AddContentDialog' in 0.0003 seconds. Added 0 classes and 0 folders.
[2018.10.19-14.28.48:470][  0]LogContentBrowser: Native class hierarchy updated for 'SceneOutliner' in 0.0003 seconds. Added 1 classes and 2 folders.
[2018.10.19-14.28.48:526][  0]LogContentBrowser: Native class hierarchy updated for 'HierarchicalLODOutliner' in 0.0003 seconds. Added 0 classes and 0 folders.
[2018.10.19-14.28.48:526][  0]LogLoad: (Engine Initialization) Total time: 9.75 seconds
[2018.10.19-14.28.48:526][  0]LogLoad: (Engine Initialization) Total Blueprint compile time: 0.00 seconds
[2018.10.19-14.28.48:557][  0]LogContentStreaming: Texture pool size now 1000 MB
[2018.10.19-14.28.48:558][  0]LogSlate: Took 0.000187 seconds to synchronously load lazily loaded font '../../../Engine/Content/Slate/Fonts/Roboto-Regular.ttf' (155K)
[2018.10.19-14.28.48:561][  0]LogSlate: Took 0.001897 seconds to synchronously load lazily loaded font '../../../Engine/Content/Slate/Fonts/DroidSansFallback.ttf' (3848K)
[2018.10.19-14.28.48:561][  0]LogSlate: Took 0.000121 seconds to synchronously load lazily loaded font '../../../Engine/Content/Slate/Fonts/Roboto-Bold.ttf' (160K)
[2018.10.19-14.28.48:565][  0]LogSlate: Took 0.000138 seconds to synchronously load lazily loaded font '../../../Engine/Content/Editor/Slate/Fonts/FontAwesome.ttf' (139K)
[2018.10.19-14.28.48:646][  0]LogSlate: Took 0.000211 seconds to synchronously load lazily loaded font '../../../Engine/Content/Slate/Fonts/Roboto-Light.ttf' (167K)
[2018.10.19-14.28.48:681][  1]LogRenderer: Reallocating scene render targets to support 792x476 Format 10 NumSamples 1 (Frame:1).
[2018.10.19-14.28.48:744][  1]LogAssetRegistry: Asset discovery search completed in 4.5604 seconds
[2018.10.19-14.28.48:746][  1]LogCollectionManager: Rebuilt the object cache for 0 collections in 0.000001 seconds (found 0 objects)
[2018.10.19-14.28.48:746][  1]LogCollectionManager: Fixed up redirectors for 0 collections in 0.000062 seconds (updated 0 objects)
[2018.10.19-14.28.49:577][ 52]LogSlate: Took 0.000268 seconds to synchronously load lazily loaded font '../../../Engine/Content/Slate/Fonts/Roboto-Light.ttf' (167K)
[2018.10.19-14.28.52:281][360]LogSlate: FSceneViewport::OnFocusLost() reason 0
[2018.10.19-14.28.52:372][371]LogSlate: Window '消息日志' being destroyed
[2018.10.19-14.28.52:374][371]LogSlate: Window '消息日志' being destroyed
[2018.10.19-14.29.11:640][918]LogSlate: FSceneViewport::OnFocusLost() reason 0
[2018.10.19-14.29.45:179][707]SourceControl: fatal: F:/Epic Games/UE_4.20/Engine/Content: 'F:/Epic Games/UE_4.20/Engine/Content' is outside repository
[2018.10.19-14.29.45:282][707]EditorErrors: Warning: 没有要迁入的资源！
[2018.10.19-14.29.49:563][194]LogHttp: Warning: 000001AA8AA71580: request failed, libcurl error: 7 (Couldn't connect to server)
[2018.10.19-14.29.49:563][194]LogHttp: Warning: 000001AA8AA71580: libcurl info message cache 0 (  Trying 127.0.0.1...)
[2018.10.19-14.29.49:563][194]LogHttp: Warning: 000001AA8AA71580: libcurl info message cache 1 (TCP_NODELAY set)
[2018.10.19-14.29.49:563][194]LogHttp: Warning: 000001AA8AA71580: libcurl info message cache 2 (connect to 127.0.0.1 port 1080 failed: Connection refused)
[2018.10.19-14.29.49:563][194]LogHttp: Warning: 000001AA8AA71580: libcurl info message cache 3 (Failed to connect to 127.0.0.1 port 1080: Connection refused)
[2018.10.19-14.29.49:563][194]LogHttp: Warning: 000001AA8AA71580: libcurl info message cache 4 (Closing connection 0)
[2018.10.19-14.29.54:388][763]SourceControl: fatal: F:/Epic Games/UE_4.20/Engine/Content: 'F:/Epic Games/UE_4.20/Engine/Content' is outside repository
[2018.10.19-14.29.54:470][763]EditorErrors: Warning: 没有要迁入的资源！
[2018.10.19-14.31.55:024][598]LogHttp: Warning: 000001AA8AA6B240: request failed, libcurl error: 35 (SSL connect error)
[2018.10.19-14.31.55:024][598]LogHttp: Warning: 000001AA8AA6B240: libcurl info message cache 0 (Hostname in DNS cache was stale, zapped)
[2018.10.19-14.31.55:024][598]LogHttp: Warning: 000001AA8AA6B240: libcurl info message cache 1 (  Trying 127.0.0.1...)
[2018.10.19-14.31.55:024][598]LogHttp: Warning: 000001AA8AA6B240: libcurl info message cache 2 (TCP_NODELAY set)
[2018.10.19-14.31.55:024][598]LogHttp: Warning: 000001AA8AA6B240: libcurl info message cache 3 (Connected to 127.0.0.1 (127.0.0.1) port 1080 (#1))
[2018.10.19-14.31.55:024][598]LogHttp: Warning: 000001AA8AA6B240: libcurl info message cache 4 (allocate connect buffer!)
[2018.10.19-14.31.55:024][598]LogHttp: Warning: 000001AA8AA6B240: libcurl info message cache 5 (Establish HTTP proxy tunnel to datarouter.ol.epicgames.com:443)
[2018.10.19-14.31.55:024][598]LogHttp: Warning: 000001AA8AA6B240: libcurl info message cache 6 (Proxy replied OK to CONNECT request)
[2018.10.19-14.31.55:024][598]LogHttp: Warning: 000001AA8AA6B240: libcurl info message cache 7 (CONNECT phase completed!)
[2018.10.19-14.31.55:024][598]LogHttp: Warning: 000001AA8AA6B240: libcurl info message cache 8 (ALPN, offering http/1.1)
[2018.10.19-14.31.55:024][598]LogHttp: Warning: 000001AA8AA6B240: libcurl info message cache 9 (Cipher selection: ALL:!EXPORT:!EXPORT40:!EXPORT56:!aNULL:!LOW:!RC4:@STRENGTH)
[2018.10.19-14.31.55:024][598]LogHttp: Warning: 000001AA8AA6B240: libcurl info message cache 10 (TLSv1.2 (OUT), TLS header, Certificate Status (22):)
[2018.10.19-14.31.55:024][598]LogHttp: Warning: 000001AA8AA6B240: libcurl info message cache 11 (TLSv1.2 (OUT), TLS handshake, Client hello (1):)
[2018.10.19-14.31.55:024][598]LogHttp: Warning: 000001AA8AA6B240: libcurl info message cache 12 (CONNECT phase completed!)
[2018.10.19-14.31.55:024][598]LogHttp: Warning: 000001AA8AA6B240: libcurl info message cache 13 (CONNECT phase completed!)
[2018.10.19-14.31.55:024][598]LogHttp: Warning: 000001AA8AA6B240: libcurl info message cache 14 (OpenSSL SSL_connect: SSL_ERROR_SYSCALL in connection to datarouter.ol.epicgames.com:443 )
[2018.10.19-14.31.55:025][598]LogHttp: Warning: 000001AA8AA6B240: libcurl info message cache 15 (Closing connection 1)
[2018.10.19-14.34.23:760][597]LogEditorViewport: Clicking on Actor (LMB): StaticMeshActor (Wall3)
[2018.10.19-14.34.25:423][696]LogSlate: FSceneViewport::OnFocusLost() reason 2
[2018.10.19-14.34.27:055][863]SourceControl: fatal: F:/Epic Games/UE_4.20/Engine/Content: 'F:/Epic Games/UE_4.20/Engine/Content' is outside repository
[2018.10.19-14.34.27:164][863]EditorErrors: Warning: 没有要迁入的资源！
[2018.10.19-14.34.28:672][ 20]LogSlate: FSceneViewport::OnFocusLost() reason 0
[2018.10.19-14.34.31:206][309]LogSlate: Window '消息日志' being destroyed
[2018.10.19-14.34.31:210][309]LogSlate: Window '消息日志' being destroyed
[2018.10.19-14.34.33:284][470]LogSlate: FSceneViewport::OnFocusLost() reason 0
[2018.10.19-14.43.06:980][537]LogSlate: FSceneViewport::OnFocusLost() reason 2
[2018.10.19-14.43.15:948][ 99]LogSlate: FSceneViewport::OnFocusLost() reason 2
[2018.10.19-14.43.24:434][ 98]LogSlate: FSceneViewport::OnFocusLost() reason 2
[2018.10.19-14.43.34:217][549]LogSlate: FSceneViewport::OnFocusLost() reason 2
[2018.10.19-14.44.09:847][755]LogSlate: FSceneViewport::OnFocusLost() reason 2
[2018.10.19-14.44.57:580][596]MapCheck: New page: 地图检测
[2018.10.19-14.44.57:607][596]Cmd: MAP CHECK DONTDISPLAYDIALOG
[2018.10.19-14.44.57:644][596]MapCheck: New page: SideScrollerExampleMap - 2018年10月20日 上午6:44:57
[2018.10.19-14.44.57:734][596]MapCheck: 地图检测完成：0个错误，0 个警告，用时127.871毫秒完成。
[2018.10.19-14.44.57:758][596]LogEditorBuildUtils: Build time 0:00
[2018.10.19-14.45.30:019][489]LogSavePackage: Moving 'D:/development/MyProject/Saved/SideScrollerExampleMap_Auto18FFB639F4CA94A2F3C1BED8F5FB49ED5.tmp' to 'D:/development/MyProject/Saved/Autosaves/Game/SideScrollerBP/Maps/SideScrollerExampleMap_Auto1.umap'
[2018.10.19-14.45.30:057][489]LogFileHelpers: Editor autosave (incl. sublevels) for '/Game/SideScrollerBP/Maps/SideScrollerExampleMap' took 0.698
[2018.10.19-14.45.30:057][489]LogFileHelpers: Editor autosave (incl. sublevels) for all levels took 0.698
[2018.10.19-14.47.31:968][854]LogSlate: FSceneViewport::OnFocusLost() reason 2
[2018.10.19-14.47.40:727][657]Cmd: OBJ SAVEPACKAGE PACKAGE="/Game/SideScrollerBP/Blueprints/AICharacter" FILE="D:/development/MyProject/Content/SideScrollerBP/Blueprints/AICharacter.uasset" SILENT=true
[2018.10.19-14.47.40:754][657]LogSavePackage: Moving 'D:/development/MyProject/Saved/AICharacter83C8EEE84708419C97D8DD86A51A7539.tmp' to 'D:/development/MyProject/Content/SideScrollerBP/Blueprints/AICharacter.uasset'
[2018.10.19-14.47.52:917][956]LogAssetEditorManager: Opening Asset editor for Blueprint /Game/SideScrollerBP/Blueprints/AICharacter.AICharacter
[2018.10.19-14.47.54:299][956]LogContentBrowser: Native class hierarchy updated for 'BlueprintGraph' in 0.0022 seconds. Added 116 classes and 0 folders.
[2018.10.19-14.47.56:005][956]LogSlate: Took 0.018947 seconds to synchronously load lazily loaded font '../../../Engine/Content/Slate/Fonts/Roboto-BoldCondensed.ttf' (158K)
[2018.10.19-14.47.56:548][958]LogSlate: Took 0.001480 seconds to synchronously load lazily loaded font '../../../Engine/Content/Slate/Fonts/Roboto-Italic.ttf' (157K)
[2018.10.19-14.48.52:244][371]BlueprintLog: New page: 编译AICharacter
[2018.10.19-14.48.54:881][630]LogSlate: Window 'AICharacter*' being destroyed
[2018.10.19-14.48.54:885][630]LogSlate: Window 'AICharacter*' being destroyed
[2018.10.19-14.48.58:377][ 23]SourceControl: fatal: F:/Epic Games/UE_4.20/Engine/Content: 'F:/Epic Games/UE_4.20/Engine/Content' is outside repository
[2018.10.19-14.49.00:098][ 23]LogSlate: Window '保存内容' being destroyed
[2018.10.19-14.49.00:200][ 23]Cmd: OBJ SAVEPACKAGE PACKAGE="/Game/SideScrollerBP/Blueprints/AICharacter" FILE="D:/development/MyProject/Content/SideScrollerBP/Blueprints/AICharacter.uasset" SILENT=true
[2018.10.19-14.49.00:219][ 23]LogSavePackage: Moving 'D:/development/MyProject/Saved/AICharacterD853B7454179B43CA86A359FA6AB0CEC.tmp' to 'D:/development/MyProject/Content/SideScrollerBP/Blueprints/AICharacter.uasset'
[2018.10.19-14.49.02:812][ 23]LogSlate: Window '提交文件' being destroyed
[2018.10.19-14.49.03:231][ 23]LogSourceControl: commit successful: [master 2db7fdd] 1
[2018.10.19-14.49.03:286][ 23]SourceControl: [master 2db7fdd] 1
[2018.10.19-14.49.03:286][ 23]SourceControl:  1 file changed, 0 insertions(+), 0 deletions(-)
[2018.10.19-14.49.03:286][ 23]SourceControl:  create mode 100644 Content/SideScrollerBP/Blueprints/AICharacter.uasset
[2018.10.19-14.49.03:291][ 23]SourceControl: 已提交 [master 2db7fdd] 1。
[2018.10.19-14.50.04:584][601]LogEditorViewport: Clicking on Actor (LMB): StaticMeshActor (Floor)
[2018.10.19-14.50.17:302][115]LogSlate: FSceneViewport::OnFocusLost() reason 0
[2018.10.19-15.04.53:582][934]LogHttp: Warning: 000001AA8AA6AFC0: request failed, libcurl error: 35 (SSL connect error)
[2018.10.19-15.04.53:582][934]LogHttp: Warning: 000001AA8AA6AFC0: libcurl info message cache 0 (Connection 15 seems to be dead!)
[2018.10.19-15.04.53:582][934]LogHttp: Warning: 000001AA8AA6AFC0: libcurl info message cache 1 (Closing connection 15)
[2018.10.19-15.04.53:582][934]LogHttp: Warning: 000001AA8AA6AFC0: libcurl info message cache 2 (TLSv1.2 (OUT), TLS alert, Client hello (1):)
[2018.10.19-15.04.53:582][934]LogHttp: Warning: 000001AA8AA6AFC0: libcurl info message cache 3 (  Trying 127.0.0.1...)
[2018.10.19-15.04.53:582][934]LogHttp: Warning: 000001AA8AA6AFC0: libcurl info message cache 4 (TCP_NODELAY set)
[2018.10.19-15.04.53:582][934]LogHttp: Warning: 000001AA8AA6AFC0: libcurl info message cache 5 (Connected to 127.0.0.1 (127.0.0.1) port 1080 (#16))
[2018.10.19-15.04.53:582][934]LogHttp: Warning: 000001AA8AA6AFC0: libcurl info message cache 6 (allocate connect buffer!)
[2018.10.19-15.04.53:582][934]LogHttp: Warning: 000001AA8AA6AFC0: libcurl info message cache 7 (Establish HTTP proxy tunnel to datarouter.ol.epicgames.com:443)
[2018.10.19-15.04.53:582][934]LogHttp: Warning: 000001AA8AA6AFC0: libcurl info message cache 8 (Proxy replied OK to CONNECT request)
[2018.10.19-15.04.53:582][934]LogHttp: Warning: 000001AA8AA6AFC0: libcurl info message cache 9 (CONNECT phase completed!)
[2018.10.19-15.04.53:582][934]LogHttp: Warning: 000001AA8AA6AFC0: libcurl info message cache 10 (ALPN, offering http/1.1)
[2018.10.19-15.04.53:582][934]LogHttp: Warning: 000001AA8AA6AFC0: libcurl info message cache 11 (Cipher selection: ALL:!EXPORT:!EXPORT40:!EXPORT56:!aNULL:!LOW:!RC4:@STRENGTH)
[2018.10.19-15.04.53:583][934]LogHttp: Warning: 000001AA8AA6AFC0: libcurl info message cache 12 (SSL re-using session ID)
[2018.10.19-15.04.53:583][934]LogHttp: Warning: 000001AA8AA6AFC0: libcurl info message cache 13 (TLSv1.2 (OUT), TLS handshake, Client hello (1):)
[2018.10.19-15.04.53:583][934]LogHttp: Warning: 000001AA8AA6AFC0: libcurl info message cache 14 (CONNECT phase completed!)
[2018.10.19-15.04.53:583][934]LogHttp: Warning: 000001AA8AA6AFC0: libcurl info message cache 15 (CONNECT phase completed!)
[2018.10.19-15.04.53:583][934]LogHttp: Warning: 000001AA8AA6AFC0: libcurl info message cache 16 (OpenSSL SSL_connect: SSL_ERROR_SYSCALL in connection to datarouter.ol.epicgames.com:443 )
[2018.10.19-15.04.53:583][934]LogHttp: Warning: 000001AA8AA6AFC0: libcurl info message cache 17 (Closing connection 16)
