Log file open, 10/24/18 17:07:14
LogWindows: Failed to load 'aqProf.dll' (GetLastError=126)
LogWindows: File 'aqProf.dll' does not exist
LogWindows: Failed to load 'VtuneApi.dll' (GetLastError=126)
LogWindows: File 'VtuneApi.dll' does not exist
LogWindows: Failed to load 'VtuneApi32e.dll' (GetLastError=126)
LogWindows: File 'VtuneApi32e.dll' does not exist
LogInit: Display: Running engine for game: MyProject
LogPlatformFile: Not using cached read wrapper
LogTaskGraph: Started task graph with 5 named threads and 23 total threads with 3 sets of task threads.
LogStats: Stats thread started at 0.270450
LogD3D11RHI: Loaded GFSDK_Aftermath_Lib.x64.dll
LogICUInternationalization: Display: ICU TimeZone Detection - Raw Offset: +8:00, Platform Override: ''
LogPluginManager: Mounting plugin Paper2D
LogPluginManager: Mounting plugin AISupport
LogPluginManager: Mounting plugin LightPropagationVolume
LogPluginManager: Mounting plugin CLionSourceCodeAccess
LogPluginManager: Mounting plugin CodeLiteSourceCodeAccess
LogPluginManager: Mounting plugin GitSourceControl
LogPluginManager: Mounting plugin KDevelopSourceCodeAccess
LogPluginManager: Mounting plugin NullSourceCodeAccess
LogPluginManager: Mounting plugin PerforceSourceControl
LogPluginManager: Mounting plugin SubversionSourceControl
LogPluginManager: Mounting plugin UObjectPlugin
LogPluginManager: Mounting plugin VisualStudioCodeSourceCodeAccess
LogPluginManager: Mounting plugin VisualStudioSourceCodeAccess
LogPluginManager: Mounting plugin XCodeSourceCodeAccess
LogPluginManager: Mounting plugin AssetManagerEditor
LogPluginManager: Mounting plugin CryptoKeys
LogPluginManager: Mounting plugin DataValidation
LogPluginManager: Mounting plugin FacialAnimation
LogPluginManager: Mounting plugin GameplayTagsEditor
LogPluginManager: Mounting plugin MacGraphicsSwitching
LogPluginManager: Mounting plugin MeshEditor
LogPluginManager: Mounting plugin MobileLauncherProfileWizard
LogPluginManager: Mounting plugin PluginBrowser
LogPluginManager: Mounting plugin SpeedTreeImporter
LogPluginManager: Mounting plugin DatasmithContent
LogPluginManager: Mounting plugin AlembicImporter
LogPluginManager: Mounting plugin AppleImageUtils
LogPluginManager: Mounting plugin AppleVision
LogPluginManager: Mounting plugin BackChannel
LogPluginManager: Mounting plugin CharacterAI
LogPluginManager: Mounting plugin GeometryCache
LogPluginManager: Mounting plugin HTML5Networking
LogPluginManager: Mounting plugin ProxyLODPlugin
LogPluginManager: Mounting plugin MagicLeap
LogPluginManager: Mounting plugin MagicLeapEmulator
LogPluginManager: Mounting plugin MagicLeapMedia
LogPluginManager: Mounting plugin AndroidMedia
LogPluginManager: Mounting plugin AvfMedia
LogPluginManager: Mounting plugin ImgMedia
LogPluginManager: Mounting plugin LinearTimecode
LogPluginManager: Mounting plugin MediaCompositing
LogPluginManager: Mounting plugin MediaPlayerEditor
LogPluginManager: Mounting plugin WmfMedia
LogPluginManager: Mounting plugin TcpMessaging
LogPluginManager: Mounting plugin UdpMessaging
LogPluginManager: Mounting plugin ActorSequence
LogPluginManager: Mounting plugin LevelSequenceEditor
LogPluginManager: Mounting plugin MatineeToLevelSequence
LogPluginManager: Mounting plugin NetcodeUnitTest
LogPluginManager: Mounting plugin NUTUnrealEngine4
LogPluginManager: Mounting plugin OnlineSubsystemGooglePlay
LogPluginManager: Mounting plugin OnlineSubsystemIOS
LogPluginManager: Mounting plugin OnlineSubsystem
LogPluginManager: Mounting plugin OnlineSubsystemNull
LogPluginManager: Mounting plugin OnlineSubsystemUtils
LogPluginManager: Mounting plugin LauncherChunkInstaller
LogPluginManager: Mounting plugin AndroidDeviceProfileSelector
LogPluginManager: Mounting plugin AndroidMoviePlayer
LogPluginManager: Mounting plugin AndroidPermission
LogPluginManager: Mounting plugin AppleMoviePlayer
LogPluginManager: Mounting plugin ArchVisCharacter
LogPluginManager: Mounting plugin AudioCapture
LogPluginManager: Mounting plugin CableComponent
LogPluginManager: Mounting plugin CustomMeshComponent
LogPluginManager: Mounting plugin EditableMesh
LogPluginManager: Mounting plugin ExampleDeviceProfileSelector
LogPluginManager: Mounting plugin GoogleCloudMessaging
LogPluginManager: Mounting plugin ImmediatePhysics
LogPluginManager: Mounting plugin IOSDeviceProfileSelector
LogPluginManager: Mounting plugin LinuxDeviceProfileSelector
LogPluginManager: Mounting plugin LocationServicesBPLibrary
LogPluginManager: Mounting plugin MobilePatchingUtils
LogPluginManager: Mounting plugin OculusVR
LogPluginManager: Plugin shader directory ../../../Engine/Plugins/Runtime/Oculus/OculusVR/Shaders found
LogPluginManager: Mapping shader source directory ../../../Engine/Plugins/Runtime/Oculus/OculusVR/Shaders to virtual directory /Plugin/OculusVR
LogPluginManager: Mounting plugin PhysXVehicles
LogPluginManager: Mounting plugin ProceduralMeshComponent
LogPluginManager: Mounting plugin RuntimePhysXCooking
LogPluginManager: Mounting plugin SteamVR
LogPluginManager: Mounting plugin WindowsMoviePlayer
LogStreaming: Display: Took  0.119s to configure plugins.
LogInit: Using libcurl 7.55.1-DEV
LogInit:  - built for x86_64-pc-win32
LogInit:  - supports SSL with OpenSSL/1.0.2h
LogInit:  - supports HTTP deflate (compression) using libz 1.2.8
LogInit:  - other features:
LogInit:      CURL_VERSION_SSL
LogInit:      CURL_VERSION_LIBZ
LogInit:      CURL_VERSION_IPV6
LogInit:      CURL_VERSION_ASYNCHDNS
LogInit:      CURL_VERSION_LARGEFILE
LogInit:      CURL_VERSION_IDN
LogInit:  CurlRequestOptions (configurable via config and command line):
LogInit:  - bVerifyPeer = false  - Libcurl will NOT verify peer certificate
LogInit:  - bUseHttpProxy = false  - Libcurl will NOT use HTTP proxy
LogInit:  - bDontReuseConnections = false  - Libcurl will reuse connections
LogInit:  - CertBundlePath = nullptr  - Libcurl will use whatever was configured at build time.
LogInit:  - MaxHostConnections = 16  - Libcurl will limit the number of connections to a host
LogInit:  - LocalHostAddr = Default
LogInit:  - BufferSize = 65536
LogInit: WinSock: version 1.1 (2.2), MaxSocks=32767, MaxUdp=65467
LogInit: Build: ++UE4+Release-4.20-CL-4369336
LogInit: Engine Version: 4.20.3-4369336+++UE4+Release-4.20
LogInit: Compatible Engine Version: 4.20.0-4212847+++UE4+Release-4.20
LogInit: Net CL: 4212847
LogInit: OS: Windows 7 (Service Pack 1), CPU: Intel(R) Core(TM) i7-4790 CPU @ 3.60GHz, GPU: NVIDIA GeForce GTX 1050
LogInit: Compiled (64-bit): Sep 17 2018 12:26:19
LogInit: Compiled with Visual C++: 19.13.26129.00
LogInit: Build Configuration: Development
LogInit: Branch Name: ++UE4+Release-4.20
LogInit: Command Line: 
LogInit: Base Directory: E:/Epic Games/UE_4.20/Engine/Binaries/Win64/
LogInit: Installed Engine Build: 1
LogDevObjectVersion: Number of dev versions registered: 20
LogDevObjectVersion:   Dev-Blueprints (B0D832E4-1F89-4F0D-ACCF-7EB736FD4AA2): 10
LogDevObjectVersion:   Dev-Build (E1C64328-A22C-4D53-A36C-8E866417BD8C): 0
LogDevObjectVersion:   Dev-Core (375EC13C-06E4-48FB-B500-84F0262A717E): 2
LogDevObjectVersion:   Dev-Editor (E4B068ED-F494-42E9-A231-DA0B2E46BB41): 24
LogDevObjectVersion:   Dev-Framework (CFFC743F-43B0-4480-9391-14DF171D2073): 34
LogDevObjectVersion:   Dev-Mobile (B02B49B5-BB20-44E9-A304-32B752E40360): 2
LogDevObjectVersion:   Dev-Networking (A4E4105C-59A1-49B5-A7C5-40C4547EDFEE): 0
LogDevObjectVersion:   Dev-Online (39C831C9-5AE6-47DC-9A44-9C173E1C8E7C): 0
LogDevObjectVersion:   Dev-Physics (78F01B33-EBEA-4F98-B9B4-84EACCB95AA2): 0
LogDevObjectVersion:   Dev-Platform (6631380F-2D4D-43E0-8009-CF276956A95A): 0
LogDevObjectVersion:   Dev-Rendering (12F88B9F-8875-4AFC-A67C-D90C383ABD29): 26
LogDevObjectVersion:   Dev-Sequencer (7B5AE74C-D270-4C10-A958-57980B212A5A): 9
LogDevObjectVersion:   Dev-VR (D7296918-1DD6-4BDD-9DE2-64A83CC13884): 2
LogDevObjectVersion:   Dev-LoadTimes (C2A15278-BFE7-4AFE-6C17-90FF531DF755): 1
LogDevObjectVersion:   Private-Geometry (6EACA3D4-40EC-4CC1-B786-8BED09428FC5): 3
LogDevObjectVersion:   Dev-AnimPhys (29E575DD-E0A3-4627-9D10-D276232CDCEA): 17
LogDevObjectVersion:   Dev-ReflectionCapture (6B266CEC-1EC7-4B8F-A30B-E4D90942FC07): 1
LogDevObjectVersion:   Dev-Automation (0DF73D61-A23F-47EA-B727-89E90C41499A): 1
LogDevObjectVersion:   FortniteMain (601D1886-AC64-4F84-AA16-D3DE0DEAC7D6): 12
LogDevObjectVersion:   Dev-Enterprise (9DFFBCD6-494F-0158-E221-12823C92A888): 1
LogStreaming: Display: Took  0.000s to delete old logs.
LogInit: Presizing for max 8388607 objects, including 0 objects not considered by GC, pre-allocating 0 bytes for permanent pool.
LogInit: Object subsystem initialized
[2018.10.24-09.07.15:124][  0]LogInit: Selected Device Profile: [Windows]
[2018.10.24-09.07.15:124][  0]LogInit: Applying CVar settings loaded from the selected device profile: [Windows]
[2018.10.24-09.07.15:132][  0]LogHAL: Display: Platform has ~ 16 GB [17100017664 / 17179869184 / 16], which maps to Larger [LargestMinGB=32, LargerMinGB=12, DefaultMinGB=8, SmallerMinGB=6, SmallestMinGB=0)
[2018.10.24-09.07.15:132][  0]LogInit: Setting Device Profile CVar: [[r.Vulkan.UseRealUBs:1]]
[2018.10.24-09.07.15:132][  0]LogInit: Going up to parent DeviceProfile []
[2018.10.24-09.07.15:132][  0]LogInit: Computer: MIKEJIN-PC1
[2018.10.24-09.07.15:132][  0]LogInit: User: mikejin
[2018.10.24-09.07.15:132][  0]LogInit: CPU Page size=4096, Cores=4
[2018.10.24-09.07.15:132][  0]LogInit: High frequency timer resolution =3.507578 MHz
[2018.10.24-09.07.15:133][  0]LogMemory: Memory total: Physical=15.9GB (16GB approx)
[2018.10.24-09.07.15:133][  0]LogMemory: Platform Memory Stats for Windows
[2018.10.24-09.07.15:133][  0]LogMemory: Process Physical Memory: 101.41 MB used, 101.41 MB peak
[2018.10.24-09.07.15:133][  0]LogMemory: Process Virtual Memory: 93.02 MB used, 93.02 MB peak
[2018.10.24-09.07.15:133][  0]LogMemory: Physical Memory: 9041.76 MB used,  7266.09 MB free, 16307.85 MB total
[2018.10.24-09.07.15:133][  0]LogMemory: Virtual Memory: 478.48 MB used,  7266.09 MB free, 8388608.00 MB total
[2018.10.24-09.07.15:343][  0]LogInit: Using OS detected language (zh-CN).
[2018.10.24-09.07.15:343][  0]LogInit: Using OS detected locale (zh-CN).
[2018.10.24-09.07.15:710][  0]LogStreaming: Display: Took  0.367s to InitEngineTextLocalization.
[2018.10.24-09.07.15:712][  0]LogWindows: Failed to load 'shcore.dll' (GetLastError=126)
[2018.10.24-09.07.15:712][  0]LogWindows: File 'shcore.dll' does not exist
[2018.10.24-09.07.15:712][  0]LogInit: Setting process to DPI aware
[2018.10.24-09.07.15:794][  0]LogWindowsTextInputMethodSystem: Display: IME system now activated using IMM (搜狗输入).
[2018.10.24-09.07.15:856][  0]LogSlate: New Slate User Created.  User Index 0, Is Virtual User: 0
[2018.10.24-09.07.15:856][  0]LogSlate: Slate User Registered.  User Index 0, Is Virtual User: 0
[2018.10.24-09.07.16:102][  0]LogHMD: Failed to initialize OpenVR with code 110
[2018.10.24-09.07.16:102][  0]LogD3D11RHI: D3D11 adapters:
[2018.10.24-09.07.16:278][  0]LogD3D11RHI:    0. 'NVIDIA GeForce GTX 1050' (Feature Level 11_0)
[2018.10.24-09.07.16:278][  0]LogD3D11RHI:       1953/0/7897 MB DedicatedVideo/DedicatedSystem/SharedSystem, Outputs:2, VendorId:0x10de
[2018.10.24-09.07.16:278][  0]LogD3D11RHI: Chosen D3D11 Adapter: 0
[2018.10.24-09.07.16:286][  0]LogD3D11RHI: Creating new Direct3DDevice
[2018.10.24-09.07.16:286][  0]LogD3D11RHI:     GPU DeviceId: 0x1c81 (for the marketing name, search the web for "GPU Device Id")
[2018.10.24-09.07.16:286][  0]LogWindows: EnumDisplayDevices:
[2018.10.24-09.07.16:286][  0]LogWindows:    0. 'NVIDIA GeForce GTX 1050' (P:0 D:1)
[2018.10.24-09.07.16:287][  0]LogWindows:    1. 'NVIDIA GeForce GTX 1050' (P:1 D:1)
[2018.10.24-09.07.16:288][  0]LogWindows:    2. 'NVIDIA GeForce GTX 1050' (P:0 D:0)
[2018.10.24-09.07.16:289][  0]LogWindows:    3. 'NVIDIA GeForce GTX 1050' (P:0 D:0)
[2018.10.24-09.07.16:289][  0]LogWindows:    4. 'RDPDD Chained DD' (P:0 D:0)
[2018.10.24-09.07.16:290][  0]LogWindows:    5. 'RDP Encoder Mirror Driver' (P:0 D:0)
[2018.10.24-09.07.16:290][  0]LogWindows:    6. 'RDP Reflector Display Driver' (P:0 D:0)
[2018.10.24-09.07.16:290][  0]LogWindows: DebugString: GetVideoDriverDetailsInvalid PrimaryIsNotTheChoosenAdapter GetVideoDriverDetailsInvalid PrimaryIsNotTheChoosenAdapter GetVideoDriverDetailsInvalid PrimaryIsNotTheChoosenAdapter FoundDriverCount:4 
[2018.10.24-09.07.16:290][  0]LogD3D11RHI:     Adapter Name: NVIDIA GeForce GTX 1050
[2018.10.24-09.07.16:290][  0]LogD3D11RHI:   Driver Version: 385.28 (internal:22.21.13.8528, unified:385.28)
[2018.10.24-09.07.16:290][  0]LogD3D11RHI:      Driver Date: 8-9-2017
[2018.10.24-09.07.16:291][  0]LogRHI: Texture pool is 1367 MB (70% of 1953 MB)
[2018.10.24-09.07.16:304][  0]LogD3D11RHI: Async texture creation enabled
[2018.10.24-09.07.16:319][  0]LogD3D11RHI: GPU Timing Frequency: 1000.000000 (Debug: 2 2)
[2018.10.24-09.07.16:374][  0]LogShaderCompilers: Guid format shader working directory is 11 characters bigger than the processId version (../../../../../development/MyProject/Intermediate/Shaders/WorkingDirectory/14036/).
[2018.10.24-09.07.16:374][  0]LogShaderCompilers: Cleaned the shader compiler working directory 'C:/Users/mikejin/AppData/Local/Temp/UnrealShaderWorkingDir/A03D77704B7B79F81171BEA324C50E52/'.
[2018.10.24-09.07.17:168][  0]LogTemp: Display: Loaded TP AllDesktopTargetPlatform
[2018.10.24-09.07.17:186][  0]LogTemp: Display: Loaded TP MacClientTargetPlatform
[2018.10.24-09.07.17:203][  0]LogTemp: Display: Loaded TP MacNoEditorTargetPlatform
[2018.10.24-09.07.17:220][  0]LogTemp: Display: Loaded TP MacServerTargetPlatform
[2018.10.24-09.07.17:234][  0]LogTemp: Display: Loaded TP MacTargetPlatform
[2018.10.24-09.07.17:251][  0]LogTemp: Display: Loaded TP WindowsClientTargetPlatform
[2018.10.24-09.07.17:264][  0]LogTemp: Display: Loaded TP WindowsNoEditorTargetPlatform
[2018.10.24-09.07.17:279][  0]LogTemp: Display: Loaded TP WindowsServerTargetPlatform
[2018.10.24-09.07.17:285][  0]LogTemp: Display: Loaded TP WindowsTargetPlatform
[2018.10.24-09.07.17:364][  0]LogTemp: Display: Loaded TP AndroidTargetPlatform
[2018.10.24-09.07.17:364][  0]LogTemp: Display: Loaded TP AndroidTargetPlatform
[2018.10.24-09.07.17:364][  0]LogTemp: Display: Loaded TP AndroidTargetPlatform
[2018.10.24-09.07.17:364][  0]LogTemp: Display: Loaded TP AndroidTargetPlatform
[2018.10.24-09.07.17:364][  0]LogTemp: Display: Loaded TP AndroidTargetPlatform
[2018.10.24-09.07.17:364][  0]LogTemp: Display: Loaded TP AndroidTargetPlatform
[2018.10.24-09.07.17:364][  0]LogTemp: Display: Loaded TP AndroidTargetPlatform
[2018.10.24-09.07.17:364][  0]LogTemp: Display: Loaded TP AndroidTargetPlatform
[2018.10.24-09.07.17:364][  0]LogTemp: Display: Loaded TP AndroidTargetPlatform
[2018.10.24-09.07.17:364][  0]LogTemp: Display: Loaded TP AndroidTargetPlatform
[2018.10.24-09.07.17:364][  0]LogTemp: Display: Loaded TP AndroidTargetPlatform
[2018.10.24-09.07.17:364][  0]LogTemp: Display: Loaded TP AndroidTargetPlatform
[2018.10.24-09.07.17:364][  0]LogTemp: Display: Loaded TP AndroidTargetPlatform
[2018.10.24-09.07.17:364][  0]LogTemp: Display: Loaded TP AndroidTargetPlatform
[2018.10.24-09.07.17:364][  0]LogTemp: Display: Loaded TP AndroidTargetPlatform
[2018.10.24-09.07.17:364][  0]LogTemp: Display: Loaded TP AndroidTargetPlatform
[2018.10.24-09.07.17:364][  0]LogTemp: Display: Loaded TP AndroidTargetPlatform
[2018.10.24-09.07.17:364][  0]LogTemp: Display: Loaded TP AndroidTargetPlatform
[2018.10.24-09.07.17:366][  0]LogTemp: Display: Loaded TP HTML5TargetPlatform
[2018.10.24-09.07.17:432][  0]LogTemp: Display: Loaded TP IOSTargetPlatform
[2018.10.24-09.07.17:432][  0]LogTemp: Display: Loaded TP IOSTargetPlatform
[2018.10.24-09.07.17:460][  0]LogTemp: Display: Loaded TP TVOSTargetPlatform
[2018.10.24-09.07.17:460][  0]LogTemp: Display: Loaded TP TVOSTargetPlatform
[2018.10.24-09.07.17:473][  0]LogTemp: Display: Loaded TP LinuxClientTargetPlatform
[2018.10.24-09.07.17:492][  0]LogTemp: Display: Loaded TP LinuxNoEditorTargetPlatform
[2018.10.24-09.07.17:506][  0]LogTemp: Display: Loaded TP LinuxServerTargetPlatform
[2018.10.24-09.07.17:521][  0]LogTemp: Display: Loaded TP LinuxTargetPlatform
[2018.10.24-09.07.17:530][  0]LogTemp: Display: Loaded TP LuminTargetPlatform
[2018.10.24-09.07.17:530][  0]LogTargetPlatformManager: Display: Building Assets For Windows
[2018.10.24-09.07.17:704][  0]LogXGEController: Cannot use XGE Controller as Incredibuild is not installed on this machine.
[2018.10.24-09.07.17:704][  0]LogShaderCompilers: Cannot use XGE Shader Compiler as Incredibuild is not installed on this machine.
[2018.10.24-09.07.17:704][  0]LogShaderCompilers: Display: Using Local Shader Compiler.
[2018.10.24-09.07.18:361][  0]LogDerivedDataCache: Display: Max Cache Size: 512 MB
[2018.10.24-09.07.18:426][  0]LogDerivedDataCache: Loaded boot cache 0.06s 71MB C:/Users/mikejin/AppData/Local/UnrealEngine/4.20/DerivedDataCache/Boot.ddc.
[2018.10.24-09.07.18:426][  0]LogDerivedDataCache: Display: Loaded Boot cache: C:/Users/mikejin/AppData/Local/UnrealEngine/4.20/DerivedDataCache/Boot.ddc
[2018.10.24-09.07.18:426][  0]LogDerivedDataCache: FDerivedDataBackendGraph:  Pak pak cache file ../../../../../development/MyProject/DerivedDataCache/DDC.ddp not found, will not use a pak cache.
[2018.10.24-09.07.18:426][  0]LogDerivedDataCache: Unable to find inner node Pak for hierarchical cache Hierarchy.
[2018.10.24-09.07.18:426][  0]LogDerivedDataCache: FDerivedDataBackendGraph:  CompressedPak pak cache file ../../../../../development/MyProject/DerivedDataCache/Compressed.ddp not found, will not use a pak cache.
[2018.10.24-09.07.18:426][  0]LogDerivedDataCache: Unable to find inner node CompressedPak for hierarchical cache Hierarchy.
[2018.10.24-09.07.18:438][  0]LogDerivedDataCache: Display: Pak cache opened for reading ../../../Engine/DerivedDataCache/Compressed.ddp.
[2018.10.24-09.07.18:450][  0]LogDerivedDataCache: Using Local data cache path C:/Users/mikejin/AppData/Local/UnrealEngine/Common/DerivedDataCache: Writable
[2018.10.24-09.07.18:450][  0]LogDerivedDataCache: Shared data cache path not found in *engine.ini, will not use an Shared cache.
[2018.10.24-09.07.18:450][  0]LogDerivedDataCache: Unable to find inner node Shared for hierarchical cache Hierarchy.
[2018.10.24-09.07.18:467][  0]LogMaterial: Verifying Global Shaders for PCD3D_SM5
[2018.10.24-09.07.18:468][  0]LogSlate: Using FreeType 2.6.0
[2018.10.24-09.07.18:468][  0]LogSlate: SlateFontServices - WITH_FREETYPE: 1, WITH_HARFBUZZ: 1
[2018.10.24-09.07.18:543][  0]LogAssetRegistry: FAssetRegistry took 0.0234 seconds to start up
[2018.10.24-09.07.18:829][  0]LogInit: Selected Device Profile: [Windows]
[2018.10.24-09.07.19:078][  0]LogSimplygon: Simplygon DLL not present - disabling.
[2018.10.24-09.07.19:114][  0]LogMeshReduction: Using SimplygonSwarm for distributed automatic mesh merging
[2018.10.24-09.07.19:114][  0]LogMeshReduction: Using ProxyLODMeshReduction for automatic mesh merging
[2018.10.24-09.07.19:114][  0]LogMeshReduction: Using QuadricMeshReduction for automatic static mesh reduction
[2018.10.24-09.07.19:114][  0]LogMeshReduction: No automatic skeletal mesh reduction module available
[2018.10.24-09.07.19:226][  0]LogNetVersion: MyProject 1.0.0, NetCL: 4212847, EngineNetVer: 5, GameNetVer: 0 (Checksum: 1110078900)
[2018.10.24-09.07.19:917][  0]LogPackageLocalizationCache: Processed 11 localized package path(s) for 4 prioritized culture(s) in 0.266018 seconds
[2018.10.24-09.07.19:924][  0]LogUObjectArray: 38425 objects as part of root set at end of initial load.
[2018.10.24-09.07.19:924][  0]LogUObjectAllocator: 6690864 out of 0 bytes used by permanent object pool.
[2018.10.24-09.07.19:924][  0]LogUObjectArray: CloseDisregardForGC: 0/0 objects in disregard for GC pool
[2018.10.24-09.07.21:110][  0]LogTcpMessaging: Initializing TcpMessaging bridge
[2018.10.24-09.07.21:124][  0]LogUdpMessaging: Initializing bridge on interface 0.0.0.0:0 to multicast group 230.0.0.1:6666.
[2018.10.24-09.07.21:329][  0]SourceControl: 源码管理已禁用
[2018.10.24-09.07.21:330][  0]LogWindows: Warning: CreateProc failed: 系统找不到指定的文件。 (0x00000002)
[2018.10.24-09.07.21:330][  0]LogWindows: Warning: URL: C:/Program Files/Git/bin/git.exe version
[2018.10.24-09.07.21:330][  0]LogWindows: Warning: CreateProc failed: 系统找不到指定的文件。 (0x00000002)
[2018.10.24-09.07.21:330][  0]LogWindows: Warning: URL: C:/Program Files (x86)/Git/bin/git.exe version
[2018.10.24-09.07.21:330][  0]LogWindows: Warning: CreateProc failed: 系统找不到指定的文件。 (0x00000002)
[2018.10.24-09.07.21:330][  0]LogWindows: Warning: URL: C:\Users\mikejin\AppData\Local/Programs/Git/cmd/git.exe version
[2018.10.24-09.07.21:330][  0]LogWindows: Warning: CreateProc failed: 系统找不到指定的文件。 (0x00000002)
[2018.10.24-09.07.21:330][  0]LogWindows: Warning: URL: C:/Program Files (x86)/SmartGit/git/bin/git.exe version
[2018.10.24-09.07.21:331][  0]LogWindows: Warning: CreateProc failed: 系统找不到指定的文件。 (0x00000002)
[2018.10.24-09.07.21:331][  0]LogWindows: Warning: URL: C:/Program Files (x86)/SmartGit/bin/git.exe version
[2018.10.24-09.07.21:331][  0]LogWindows: Warning: CreateProc failed: 系统找不到指定的文件。 (0x00000002)
[2018.10.24-09.07.21:331][  0]LogWindows: Warning: URL: C:\Users\mikejin\AppData\Local/Atlassian/SourceTree/git_local/bin/git.exe version
[2018.10.24-09.07.22:725][  0]LogAndroidPermission: UAndroidPermissionCallbackProxy::GetInstance
[2018.10.24-09.07.22:857][  0]LogOcInput: OculusInput pre-init called
[2018.10.24-09.07.22:936][  0]LogEngine: Initializing Engine...
[2018.10.24-09.07.22:937][  0]LogHMD: Failed to initialize OpenVR with code 110
[2018.10.24-09.07.22:939][  0]LogStats: UGameplayTagsManager::ConstructGameplayTagTree: ImportINI prefixes -  0.000 s
[2018.10.24-09.07.22:939][  0]LogStats: UGameplayTagsManager::ConstructGameplayTagTree: Construct from data asset -  0.000 s
[2018.10.24-09.07.22:939][  0]LogStats: UGameplayTagsManager::ConstructGameplayTagTree: ImportINI -  0.000 s
[2018.10.24-09.07.22:939][  0]LogStats: UGameplayTagsManager::ConstructGameplayTagTree: GameplayTagTreeChangedEvent.Broadcast -  0.000 s
[2018.10.24-09.07.23:170][  0]LogInit: Initializing FReadOnlyCVARCache
[2018.10.24-09.07.23:234][  0]LogAIModule: Creating AISystem for world Untitled
[2018.10.24-09.07.23:267][  0]LogInit: XAudio2 using '扬声器 (Realtek High Definition Audio)' : 2 channels at 48 kHz using 32 bits per sample (channel mask 0x3)
[2018.10.24-09.07.23:349][  0]LogInit: FAudioDevice initialized.
[2018.10.24-09.07.23:349][  0]LogNetVersion: Set ProjectVersion to 1.0.0.0. Version Checksum will be recalculated on next use.
[2018.10.24-09.07.23:485][  0]LogDerivedDataCache: Saved boot cache 0.14s 71MB C:/Users/mikejin/AppData/Local/UnrealEngine/4.20/DerivedDataCache/Boot.ddc.
[2018.10.24-09.07.23:488][  0]LogInit: Texture streaming: Enabled
[2018.10.24-09.07.23:509][  0]LogEngineSessionManager: EngineSessionManager initialized
[2018.10.24-09.07.23:542][  0]LogInit: Transaction tracking system initialized
[2018.10.24-09.07.23:711][  0]BlueprintLog: New page: 编辑器加载
[2018.10.24-09.07.24:024][  0]LocalizationService: 本地化服务已禁用
[2018.10.24-09.07.24:387][  0]LogCook: Display: Max memory allowance for cook 16384mb min free memory 0mb
[2018.10.24-09.07.24:387][  0]LogCook: Display: Mobile HDR setting 1
[2018.10.24-09.07.24:387][  0]LogGameplayTags: Display: UGameplayTagsManager::DoneAddingNativeTags. DelegateIsBound: 0
[2018.10.24-09.07.24:387][  0]LogStats: UGameplayTagsManager::ConstructGameplayTagTree: ImportINI prefixes -  0.000 s
[2018.10.24-09.07.24:387][  0]LogStats: UGameplayTagsManager::ConstructGameplayTagTree: Construct from data asset -  0.000 s
[2018.10.24-09.07.24:387][  0]LogStats: UGameplayTagsManager::ConstructGameplayTagTree: ImportINI -  0.000 s
[2018.10.24-09.07.24:387][  0]LogStats: UGameplayTagsManager::ConstructGameplayTagTree: GameplayTagTreeChangedEvent.Broadcast -  0.000 s
[2018.10.24-09.07.24:623][  0]LogFileCache: Scanning file cache for directory 'E:/development/MyProject/Content/' took 0.01s
[2018.10.24-09.07.24:640][  0]Cmd: MAP LOAD FILE="../../../../../development/MyProject/Content/SideScrollerBP/Maps/SideScrollerExampleMap.umap" TEMPLATE=0 SHOWPROGRESS=1 FEATURELEVEL=3
[2018.10.24-09.07.24:641][  0]LightingResults: New page: 光照构建
[2018.10.24-09.07.24:648][  0]MapCheck: New page: 地图检测
[2018.10.24-09.07.24:648][  0]LightingResults: New page: 光照构建
[2018.10.24-09.07.25:784][  0]LogTexture: Display: 正在编译纹理：RedVignette（AutoDXT、960X540）
[2018.10.24-09.07.25:784][  0]LogTexture: Display: 正在编译纹理：Key_diffuse（AutoDXT、512X512）
[2018.10.24-09.07.25:826][  0]LogStaticMesh: 正在构建静态网格体 Key_mesh……
[2018.10.24-09.07.25:843][  0]LogStaticMesh: Built static mesh [0.02s] /Game/Resource/Key_mesh.Key_mesh
[2018.10.24-09.07.26:013][  0]LogMaterial: Display: Missing cached shader map for material Key_diffuse_Mat, compiling. 
[2018.10.24-09.07.26:088][  0]LogShaderCompilers: Display: Shaders left to compile 22
[2018.10.24-09.07.26:088][  0]LogShaderCompilers: Display: Shaders left to compile 12
[2018.10.24-09.07.26:089][  0]LogShaderCompilers: Display: Shaders left to compile 2
[2018.10.24-09.07.26:106][  0]LogAIModule: Creating AISystem for world SideScrollerExampleMap
[2018.10.24-09.07.26:120][  0]LogEditorServer: Finished looking for orphan Actors (0.000 secs)
[2018.10.24-09.07.26:149][  0]Cmd: MAP CHECKDEP NOCLEARLOG
[2018.10.24-09.07.26:232][  0]MapCheck: 地图检测完成：0个错误，0 个警告，用时83.208毫秒完成。
[2018.10.24-09.07.26:232][  0]LogFileHelpers: Loading map 'SideScrollerExampleMap' took 1.592
[2018.10.24-09.07.26:360][  0]LogSlate: Updating window title bar state: overlay mode, drag disabled, window buttons hidden, title bar hidden
[2018.10.24-09.07.26:370][  0]LogSlate: Updating window title bar state: overlay mode, drag disabled, window buttons hidden, title bar hidden
[2018.10.24-09.07.26:381][  0]LogSlate: Updating window title bar state: overlay mode, drag disabled, window buttons hidden, title bar hidden
[2018.10.24-09.07.26:391][  0]LogSlate: Updating window title bar state: overlay mode, drag disabled, window buttons hidden, title bar hidden
[2018.10.24-09.07.26:401][  0]LogCollectionManager: Loaded 0 collections in 0.001429 seconds
[2018.10.24-09.07.26:503][  0]LogFileCache: Scanning file cache for directory 'E:/development/MyProject/Saved/Collections/' took 0.01s
[2018.10.24-09.07.26:503][  0]LogFileCache: Scanning file cache for directory 'E:/development/MyProject/Content/Developers/mikejin/Collections/' took 0.07s
[2018.10.24-09.07.26:503][  0]LogFileCache: Scanning file cache for directory 'E:/development/MyProject/Content/Collections/' took 0.01s
[2018.10.24-09.07.26:503][  0]LogCollectionManager: Rebuilt the GUID cache for 0 collections in 0.000001 seconds
[2018.10.24-09.07.26:518][  0]LogContentBrowser: Native class hierarchy populated in 0.0142 seconds. Added 2572 classes and 603 folders.
[2018.10.24-09.07.26:536][  0]LogContentBrowser: Native class hierarchy updated for 'WidgetCarousel' in 0.0004 seconds. Added 0 classes and 0 folders.
[2018.10.24-09.07.26:606][  0]LogContentBrowser: Native class hierarchy updated for 'AddContentDialog' in 0.0003 seconds. Added 0 classes and 0 folders.
[2018.10.24-09.07.26:623][  0]LogContentBrowser: Native class hierarchy updated for 'SceneOutliner' in 0.0004 seconds. Added 1 classes and 2 folders.
[2018.10.24-09.07.26:643][  0]LogSlate: Took 0.000336 seconds to synchronously load lazily loaded font '../../../Engine/Content/Slate/Fonts/Roboto-Regular.ttf' (155K)
[2018.10.24-09.07.26:650][  0]LogSlate: Took 0.003684 seconds to synchronously load lazily loaded font '../../../Engine/Content/Slate/Fonts/DroidSansFallback.ttf' (3848K)
[2018.10.24-09.07.26:651][  0]LogSlate: Took 0.000304 seconds to synchronously load lazily loaded font '../../../Engine/Content/Slate/Fonts/Roboto-Bold.ttf' (160K)
[2018.10.24-09.07.26:656][  0]LogSlate: Took 0.000250 seconds to synchronously load lazily loaded font '../../../Engine/Content/Editor/Slate/Fonts/FontAwesome.ttf' (139K)
[2018.10.24-09.07.26:766][  0]LogRenderer: Reallocating scene render targets to support 1208x576 Format 10 NumSamples 1 (Frame:1).
[2018.10.24-09.07.26:963][  0]LogContentBrowser: Native class hierarchy updated for 'HierarchicalLODOutliner' in 0.0004 seconds. Added 0 classes and 0 folders.
[2018.10.24-09.07.26:963][  0]LogLoad: (Engine Initialization) Total time: 13.77 seconds
[2018.10.24-09.07.26:963][  0]LogLoad: (Engine Initialization) Total Blueprint compile time: 0.00 seconds
[2018.10.24-09.07.27:017][  0]LogContentStreaming: Texture pool size now 1000 MB
[2018.10.24-09.07.27:106][  1]LogAssetRegistry: Asset discovery search completed in 8.5828 seconds
[2018.10.24-09.07.27:109][  1]LogCollectionManager: Rebuilt the object cache for 0 collections in 0.000000 seconds (found 0 objects)
[2018.10.24-09.07.27:109][  1]LogCollectionManager: Fixed up redirectors for 0 collections in 0.000074 seconds (updated 0 objects)
[2018.10.24-09.07.28:177][ 63]LogSlate: Took 0.000224 seconds to synchronously load lazily loaded font '../../../Engine/Content/Slate/Fonts/Roboto-Light.ttf' (167K)
[2018.10.24-09.07.32:083][279]LogFileCache: Retrieving MD5 hashes for directory 'E:/development/MyProject/Content/' took 5.09s
[2018.10.24-09.07.40:732][215]LogSlate: FSceneViewport::OnFocusLost() reason 0
[2018.10.24-09.07.55:574][525]LogTemp: Repeating last play command: 选中的视口
[2018.10.24-09.07.55:587][525]LogBlueprintUserMessages: Early PlayInEditor Detection: Level '/Game/SideScrollerBP/Maps/SideScrollerExampleMap.SideScrollerExampleMap:PersistentLevel' has LevelScriptBlueprint '/Game/SideScrollerBP/Maps/SideScrollerExampleMap.SideScrollerExampleMap:PersistentLevel.SideScrollerExampleMap' with GeneratedClass '/Game/SideScrollerBP/Maps/SideScrollerExampleMap.SideScrollerExampleMap_C' with ClassGeneratedBy '/Game/SideScrollerBP/Maps/SideScrollerExampleMap.SideScrollerExampleMap:PersistentLevel.SideScrollerExampleMap'
[2018.10.24-09.07.55:587][525]LogPlayLevel: PlayLevel: No blueprints needed recompiling
[2018.10.24-09.07.55:598][525]PIE: New page: PIE会话: SideScrollerExampleMap (2018年10月25日 上午1:07:55)
[2018.10.24-09.07.55:598][525]LogPlayLevel: Creating play world package: /Game/SideScrollerBP/Maps/UEDPIE_0_SideScrollerExampleMap
[2018.10.24-09.07.55:625][525]LogPlayLevel: PIE: StaticDuplicateObject took: (0.026199s)
[2018.10.24-09.07.55:625][525]LogAIModule: Creating AISystem for world SideScrollerExampleMap
[2018.10.24-09.07.55:625][525]LogPlayLevel: PIE: World Init took: (0.000689s)
[2018.10.24-09.07.55:625][525]LogPlayLevel: PIE: Created PIE world by copying editor world from /Game/SideScrollerBP/Maps/SideScrollerExampleMap.SideScrollerExampleMap to /Game/SideScrollerBP/Maps/UEDPIE_0_SideScrollerExampleMap.SideScrollerExampleMap (0.027060s)
[2018.10.24-09.07.55:654][525]LogInit: XAudio2 using '扬声器 (Realtek High Definition Audio)' : 2 channels at 48 kHz using 32 bits per sample (channel mask 0x3)
[2018.10.24-09.07.55:670][525]LogInit: FAudioDevice initialized.
[2018.10.24-09.07.55:710][525]LogLoad: Game class is 'SideScrollerGameMode_C'
[2018.10.24-09.07.55:718][525]LogWorld: Bringing World /Game/SideScrollerBP/Maps/UEDPIE_0_SideScrollerExampleMap.SideScrollerExampleMap up for play (max tick rate 0) at 2018.10.24-17.07.55
[2018.10.24-09.07.55:719][525]LogWorld: Bringing up level for play took: 0.005540
[2018.10.24-09.07.55:754][525]LogContentBrowser: Native class hierarchy updated for 'MovieSceneCapture' in 0.0005 seconds. Added 10 classes and 0 folders.
[2018.10.24-09.07.55:757][525]PIE: /Game/SideScrollerBP/Maps/UEDPIE_0_SideScrollerExampleMap的‘在编辑器中播放’的起始时间0.556
[2018.10.24-09.07.55:757][525]LogBlueprintUserMessages: Late PlayInEditor Detection: Level '/Game/SideScrollerBP/Maps/SideScrollerExampleMap.SideScrollerExampleMap:PersistentLevel' has LevelScriptBlueprint '/Game/SideScrollerBP/Maps/SideScrollerExampleMap.SideScrollerExampleMap:PersistentLevel.SideScrollerExampleMap' with GeneratedClass '/Game/SideScrollerBP/Maps/SideScrollerExampleMap.SideScrollerExampleMap_C' with ClassGeneratedBy '/Game/SideScrollerBP/Maps/SideScrollerExampleMap.SideScrollerExampleMap:PersistentLevel.SideScrollerExampleMap'
[2018.10.24-09.08.04:901][614]LogBlueprintUserMessages: [ReduceHealth2] 0.95
[2018.10.24-09.08.10:220][252]LogBlueprintUserMessages: Early EndPlayMap Detection: Level '/Game/SideScrollerBP/Maps/SideScrollerExampleMap.SideScrollerExampleMap:PersistentLevel' has LevelScriptBlueprint '/Game/SideScrollerBP/Maps/SideScrollerExampleMap.SideScrollerExampleMap:PersistentLevel.SideScrollerExampleMap' with GeneratedClass '/Game/SideScrollerBP/Maps/SideScrollerExampleMap.SideScrollerExampleMap_C' with ClassGeneratedBy '/Game/SideScrollerBP/Maps/SideScrollerExampleMap.SideScrollerExampleMap:PersistentLevel.SideScrollerExampleMap'
[2018.10.24-09.08.10:220][252]LogSlate: Updating window title bar state: overlay mode, drag disabled, window buttons hidden, title bar hidden
[2018.10.24-09.08.10:251][252]LogPlayLevel: Display: Shutting down PIE online subsystems
[2018.10.24-09.08.10:251][252]LogBlueprintUserMessages: Late EndPlayMap Detection: Level '/Game/SideScrollerBP/Maps/SideScrollerExampleMap.SideScrollerExampleMap:PersistentLevel' has LevelScriptBlueprint '/Game/SideScrollerBP/Maps/SideScrollerExampleMap.SideScrollerExampleMap:PersistentLevel.SideScrollerExampleMap' with GeneratedClass '/Game/SideScrollerBP/Maps/SideScrollerExampleMap.SideScrollerExampleMap_C' with ClassGeneratedBy '/Game/SideScrollerBP/Maps/SideScrollerExampleMap.SideScrollerExampleMap:PersistentLevel.SideScrollerExampleMap'
[2018.10.24-09.08.10:270][252]LogSlate: Updating window title bar state: overlay mode, drag disabled, window buttons hidden, title bar hidden
[2018.10.24-09.08.10:319][256]LogPlayLevel: Display: Destroying online subsystem :Context_4
[2018.10.24-09.08.11:314][375]LogSlate: FSceneViewport::OnFocusLost() reason 0
